2025-08-13 11:39:27,812 - BertrandtGUI - DEBUG - Slide 1 geladen
2025-08-13 11:39:27,812 - BertrandtGUI - INFO - 1 Slides geladen
2025-08-13 11:39:27,827 - BertrandtGUI - INFO - 🚀 Dynamic Messe Stand V4 wird gestartet...
2025-08-13 11:39:27,827 - BertrandtGUI - INFO - Python Version: 3.12.3 (main, Jun 18 2025, 17:59:45) [GCC 13.3.0]
2025-08-13 11:39:27,827 - BertrandtGUI - INFO - Arbeitsverzeichnis: /home/messe_pc/Dynamic_Messe_Stand_V3/Dynamic_Messe_Stand_V4/Python_GUI
2025-08-13 11:39:27,827 - BertrandtGUI - INFO - 🔌 Hardware-Setup wird gestartet...
2025-08-13 11:39:27,827 - BertrandtGUI - ERROR - Fehler beim Verbinden mit ESP32-1: [Errno 2] could not open port /dev/ttyUSB0: [Errno 2] No such file or directory: '/dev/ttyUSB0'
2025-08-13 11:39:27,827 - BertrandtGUI - ERROR - Fehler beim Verbinden mit ESP32-2: [Errno 2] could not open port /dev/ttyUSB1: [Errno 2] No such file or directory: '/dev/ttyUSB1'
2025-08-13 11:39:27,827 - BertrandtGUI - ERROR - Fehler beim Verbinden mit ESP32-3: [Errno 2] could not open port /dev/ttyUSB2: [Errno 2] No such file or directory: '/dev/ttyUSB2'
2025-08-13 11:39:27,827 - BertrandtGUI - ERROR - Fehler beim Verbinden mit Arduino GIGA: [Errno 2] could not open port /dev/ttyACM0: [Errno 2] No such file or directory: '/dev/ttyACM0'
2025-08-13 11:39:27,827 - BertrandtGUI - INFO - esp32_1: ❌ Fehler
2025-08-13 11:39:27,827 - BertrandtGUI - INFO - esp32_2: ❌ Fehler
2025-08-13 11:39:27,827 - BertrandtGUI - INFO - esp32_3: ❌ Fehler
2025-08-13 11:39:27,827 - BertrandtGUI - INFO - giga: ❌ Fehler
2025-08-13 11:39:27,827 - BertrandtGUI - WARNING - ⚠️ Keine Hardware-Verbindungen erfolgreich - GUI startet trotzdem
2025-08-13 11:39:27,827 - BertrandtGUI - INFO - 🖥️ GUI wird initialisiert...
2025-08-13 11:39:27,827 - BertrandtGUI - INFO - 🚀 Starte Dynamic Messe Stand V4...
2025-08-13 11:39:28,015 - BertrandtGUI - DEBUG - Responsive Design: 1920x1080, Scale: 1.00
2025-08-13 11:39:28,168 - BertrandtGUI - DEBUG - Slide 1 in Editor geladen
2025-08-13 11:39:28,185 - BertrandtGUI - DEBUG - Home-Tab angezeigt
2025-08-13 11:39:28,186 - BertrandtGUI - DEBUG - Tab gewechselt: home
2025-08-13 11:39:28,186 - BertrandtGUI - INFO - ✅ Dynamic Messe Stand V4 erfolgreich initialisiert!
2025-08-13 11:39:28,186 - BertrandtGUI - INFO - ✅ Dynamic Messe Stand V4 erfolgreich gestartet!
2025-08-13 11:39:28,186 - BertrandtGUI - INFO - 💡 Drücke F11 für Vollbild, ESC zum Verlassen
2025-08-13 11:39:28,186 - BertrandtGUI - INFO - GUI-Hauptschleife gestartet
2025-08-13 11:39:32,328 - BertrandtGUI - DEBUG - Home-Tab versteckt
2025-08-13 11:39:32,328 - BertrandtGUI - DEBUG - Demo-Tab angezeigt
2025-08-13 11:39:32,329 - BertrandtGUI - DEBUG - Header-Navigation aktualisiert: demo
2025-08-13 11:39:32,329 - BertrandtGUI - DEBUG - Tab gewechselt: demo
2025-08-13 11:39:34,880 - BertrandtGUI - DEBUG - Demo-Tab versteckt
2025-08-13 11:39:34,880 - BertrandtGUI - DEBUG - Creator-Tab angezeigt
2025-08-13 11:39:34,881 - BertrandtGUI - DEBUG - Header-Navigation aktualisiert: creator
2025-08-13 11:39:34,881 - BertrandtGUI - DEBUG - Tab gewechselt: creator
2025-08-13 11:39:36,664 - BertrandtGUI - DEBUG - Creator-Tab versteckt
2025-08-13 11:39:36,665 - BertrandtGUI - DEBUG - Presentation-Tab angezeigt
2025-08-13 11:39:36,665 - BertrandtGUI - DEBUG - Header-Navigation aktualisiert: presentation
2025-08-13 11:39:36,665 - BertrandtGUI - DEBUG - Tab gewechselt: presentation
2025-08-13 11:39:39,273 - BertrandtGUI - DEBUG - Presentation-Tab versteckt
2025-08-13 11:39:39,273 - BertrandtGUI - DEBUG - Creator-Tab angezeigt
2025-08-13 11:39:39,273 - BertrandtGUI - DEBUG - Header-Navigation aktualisiert: creator
2025-08-13 11:39:39,273 - BertrandtGUI - DEBUG - Tab gewechselt: creator
2025-08-13 11:39:41,393 - BertrandtGUI - DEBUG - Creator-Tab versteckt
2025-08-13 11:39:41,393 - BertrandtGUI - DEBUG - Demo-Tab angezeigt
2025-08-13 11:39:41,393 - BertrandtGUI - DEBUG - Header-Navigation aktualisiert: demo
2025-08-13 11:39:41,393 - BertrandtGUI - DEBUG - Tab gewechselt: demo
2025-08-13 11:39:42,481 - BertrandtGUI - DEBUG - Demo-Tab versteckt
2025-08-13 11:39:42,481 - BertrandtGUI - DEBUG - Home-Tab angezeigt
2025-08-13 11:39:42,481 - BertrandtGUI - DEBUG - Header-Navigation aktualisiert: home
2025-08-13 11:39:42,481 - BertrandtGUI - DEBUG - Tab gewechselt: home
2025-08-13 11:39:44,593 - BertrandtGUI - DEBUG - Home-Tab versteckt
2025-08-13 11:39:44,593 - BertrandtGUI - DEBUG - Demo-Tab angezeigt
2025-08-13 11:39:44,619 - BertrandtGUI - DEBUG - Header-Navigation aktualisiert: demo
2025-08-13 11:39:44,619 - BertrandtGUI - DEBUG - Tab gewechselt: demo
2025-08-13 11:39:46,033 - BertrandtGUI - DEBUG - Demo-Tab versteckt
2025-08-13 11:39:46,033 - BertrandtGUI - DEBUG - Creator-Tab angezeigt
2025-08-13 11:39:46,033 - BertrandtGUI - DEBUG - Header-Navigation aktualisiert: creator
2025-08-13 11:39:46,033 - BertrandtGUI - DEBUG - Tab gewechselt: creator
2025-08-13 11:40:03,906 - BertrandtGUI - DEBUG - Creator-Tab versteckt
2025-08-13 11:40:03,906 - BertrandtGUI - DEBUG - Presentation-Tab angezeigt
2025-08-13 11:40:03,932 - BertrandtGUI - DEBUG - Header-Navigation aktualisiert: presentation
2025-08-13 11:40:03,932 - BertrandtGUI - DEBUG - Tab gewechselt: presentation
2025-08-13 11:45:13,822 - BertrandtGUI - DEBUG - Vollbild deaktiviert
2025-08-13 11:45:15,840 - BertrandtGUI - INFO - 🧹 Cleanup wird durchgeführt...
2025-08-13 11:45:15,840 - BertrandtGUI - INFO - 👋 Dynamic Messe Stand V4 beendet
2025-08-13 11:45:17,866 - BertrandtGUI - DEBUG - Slide 1 geladen
2025-08-13 11:45:17,866 - BertrandtGUI - INFO - 1 Slides geladen
2025-08-13 12:05:27,290 - BertrandtGUI - DEBUG - Slide 1 geladen
2025-08-13 12:05:27,290 - BertrandtGUI - INFO - 1 Slides geladen
2025-08-13 12:05:27,294 - BertrandtGUI - INFO - 🚀 Dynamic Messe Stand V4 wird gestartet...
2025-08-13 12:05:27,295 - BertrandtGUI - INFO - Python Version: 3.12.3 (main, Jun 18 2025, 17:59:45) [GCC 13.3.0]
2025-08-13 12:05:27,295 - BertrandtGUI - INFO - Arbeitsverzeichnis: /home/messe_pc/Dynamic_Messe_Stand_V3/Dynamic_Messe_Stand_V4/Python_GUI
2025-08-13 12:05:27,295 - BertrandtGUI - INFO - 🔌 Hardware-Setup wird gestartet...
2025-08-13 12:05:27,295 - BertrandtGUI - ERROR - Fehler beim Verbinden mit ESP32-1: [Errno 2] could not open port /dev/ttyUSB0: [Errno 2] No such file or directory: '/dev/ttyUSB0'
2025-08-13 12:05:27,295 - BertrandtGUI - ERROR - Fehler beim Verbinden mit ESP32-2: [Errno 2] could not open port /dev/ttyUSB1: [Errno 2] No such file or directory: '/dev/ttyUSB1'
2025-08-13 12:05:27,295 - BertrandtGUI - ERROR - Fehler beim Verbinden mit ESP32-3: [Errno 2] could not open port /dev/ttyUSB2: [Errno 2] No such file or directory: '/dev/ttyUSB2'
2025-08-13 12:05:27,295 - BertrandtGUI - ERROR - Fehler beim Verbinden mit Arduino GIGA: [Errno 2] could not open port /dev/ttyACM0: [Errno 2] No such file or directory: '/dev/ttyACM0'
2025-08-13 12:05:27,295 - BertrandtGUI - INFO - esp32_1: ❌ Fehler
2025-08-13 12:05:27,295 - BertrandtGUI - INFO - esp32_2: ❌ Fehler
2025-08-13 12:05:27,295 - BertrandtGUI - INFO - esp32_3: ❌ Fehler
2025-08-13 12:05:27,295 - BertrandtGUI - INFO - giga: ❌ Fehler
2025-08-13 12:05:27,295 - BertrandtGUI - WARNING - ⚠️ Keine Hardware-Verbindungen erfolgreich - GUI startet trotzdem
2025-08-13 12:05:27,295 - BertrandtGUI - INFO - 🖥️ GUI wird initialisiert...
2025-08-13 12:05:27,295 - BertrandtGUI - INFO - 🚀 Starte Dynamic Messe Stand V4...
2025-08-13 12:05:27,512 - BertrandtGUI - DEBUG - Responsive Design: 1920x1080, Scale: 1.00
2025-08-13 12:05:27,721 - BertrandtGUI - DEBUG - Slide 1 in Editor geladen
2025-08-13 12:05:27,744 - BertrandtGUI - DEBUG - Home-Tab angezeigt
2025-08-13 12:05:27,744 - BertrandtGUI - DEBUG - Tab gewechselt: home
2025-08-13 12:05:27,744 - BertrandtGUI - INFO - ✅ Dynamic Messe Stand V4 erfolgreich initialisiert!
2025-08-13 12:05:27,744 - BertrandtGUI - INFO - ✅ Dynamic Messe Stand V4 erfolgreich gestartet!
2025-08-13 12:05:27,744 - BertrandtGUI - INFO - 💡 Drücke F11 für Vollbild, ESC zum Verlassen
2025-08-13 12:05:27,744 - BertrandtGUI - INFO - GUI-Hauptschleife gestartet
2025-08-13 12:05:31,418 - BertrandtGUI - DEBUG - Vollbild deaktiviert
2025-08-13 12:05:36,698 - BertrandtGUI - INFO - 🧹 Cleanup wird durchgeführt...
2025-08-13 12:05:36,700 - BertrandtGUI - INFO - 👋 Dynamic Messe Stand V4 beendet
2025-08-13 12:27:48,017 - BertrandtGUI - DEBUG - Slide 1 geladen
2025-08-13 12:27:48,017 - BertrandtGUI - INFO - 1 Slides geladen
2025-08-13 12:27:48,022 - BertrandtGUI - INFO - 🚀 Dynamic Messe Stand V4 wird gestartet...
2025-08-13 12:27:48,022 - BertrandtGUI - INFO - Python Version: 3.12.3 (main, Jun 18 2025, 17:59:45) [GCC 13.3.0]
2025-08-13 12:27:48,022 - BertrandtGUI - INFO - Arbeitsverzeichnis: /home/messe_pc/Dynamic_Messe_Stand_V3/Dynamic_Messe_Stand_V4/Python_GUI
2025-08-13 12:27:48,022 - BertrandtGUI - INFO - 🔌 Hardware-Setup wird gestartet...
2025-08-13 12:27:48,022 - BertrandtGUI - ERROR - Fehler beim Verbinden mit ESP32-1: [Errno 2] could not open port /dev/ttyUSB0: [Errno 2] No such file or directory: '/dev/ttyUSB0'
2025-08-13 12:27:48,022 - BertrandtGUI - ERROR - Fehler beim Verbinden mit ESP32-2: [Errno 2] could not open port /dev/ttyUSB1: [Errno 2] No such file or directory: '/dev/ttyUSB1'
2025-08-13 12:27:48,022 - BertrandtGUI - ERROR - Fehler beim Verbinden mit ESP32-3: [Errno 2] could not open port /dev/ttyUSB2: [Errno 2] No such file or directory: '/dev/ttyUSB2'
2025-08-13 12:27:48,022 - BertrandtGUI - ERROR - Fehler beim Verbinden mit Arduino GIGA: [Errno 2] could not open port /dev/ttyACM0: [Errno 2] No such file or directory: '/dev/ttyACM0'
2025-08-13 12:27:48,022 - BertrandtGUI - INFO - esp32_1: ❌ Fehler
2025-08-13 12:27:48,022 - BertrandtGUI - INFO - esp32_2: ❌ Fehler
2025-08-13 12:27:48,022 - BertrandtGUI - INFO - esp32_3: ❌ Fehler
2025-08-13 12:27:48,022 - BertrandtGUI - INFO - giga: ❌ Fehler
2025-08-13 12:27:48,022 - BertrandtGUI - WARNING - ⚠️ Keine Hardware-Verbindungen erfolgreich - GUI startet trotzdem
2025-08-13 12:27:48,022 - BertrandtGUI - INFO - 🖥️ GUI wird initialisiert...
2025-08-13 12:27:48,022 - BertrandtGUI - INFO - 🚀 Starte Dynamic Messe Stand V4...
2025-08-13 12:27:48,221 - BertrandtGUI - DEBUG - Responsive Design: 1920x1080, Scale: 1.00
2025-08-13 12:27:48,280 - BertrandtGUI - INFO - Bertrandt Logo erfolgreich geladen
2025-08-13 12:27:48,336 - BertrandtGUI - DEBUG - Slide 1 in Editor geladen
2025-08-13 12:27:48,340 - BertrandtGUI - DEBUG - Home-Tab angezeigt
2025-08-13 12:27:48,340 - BertrandtGUI - DEBUG - Tab gewechselt: home
2025-08-13 12:27:48,340 - BertrandtGUI - INFO - ✅ Dynamic Messe Stand V4 erfolgreich initialisiert!
2025-08-13 12:27:48,340 - BertrandtGUI - INFO - ✅ Dynamic Messe Stand V4 erfolgreich gestartet!
2025-08-13 12:27:48,340 - BertrandtGUI - INFO - 💡 Drücke F11 für Vollbild, ESC zum Verlassen
2025-08-13 12:27:48,340 - BertrandtGUI - INFO - GUI-Hauptschleife gestartet
2025-08-13 12:29:07,319 - BertrandtGUI - DEBUG - Vollbild deaktiviert
2025-08-13 12:29:08,705 - BertrandtGUI - INFO - 🧹 Cleanup wird durchgeführt...
2025-08-13 12:29:08,705 - BertrandtGUI - INFO - 👋 Dynamic Messe Stand V4 beendet
2025-08-13 12:29:59,296 - BertrandtGUI - DEBUG - Slide 1 geladen
2025-08-13 12:29:59,296 - BertrandtGUI - INFO - 1 Slides geladen
2025-08-13 12:29:59,301 - BertrandtGUI - INFO - 🚀 Dynamic Messe Stand V4 wird gestartet...
2025-08-13 12:29:59,301 - BertrandtGUI - INFO - Python Version: 3.12.3 (main, Jun 18 2025, 17:59:45) [GCC 13.3.0]
2025-08-13 12:29:59,301 - BertrandtGUI - INFO - Arbeitsverzeichnis: /home/messe_pc/Dynamic_Messe_Stand_V3/Dynamic_Messe_Stand_V4/Python_GUI
2025-08-13 12:29:59,301 - BertrandtGUI - INFO - 🔌 Hardware-Setup wird gestartet...
2025-08-13 12:29:59,301 - BertrandtGUI - ERROR - Fehler beim Verbinden mit ESP32-1: [Errno 2] could not open port /dev/ttyUSB0: [Errno 2] No such file or directory: '/dev/ttyUSB0'
2025-08-13 12:29:59,301 - BertrandtGUI - ERROR - Fehler beim Verbinden mit ESP32-2: [Errno 2] could not open port /dev/ttyUSB1: [Errno 2] No such file or directory: '/dev/ttyUSB1'
2025-08-13 12:29:59,301 - BertrandtGUI - ERROR - Fehler beim Verbinden mit ESP32-3: [Errno 2] could not open port /dev/ttyUSB2: [Errno 2] No such file or directory: '/dev/ttyUSB2'
2025-08-13 12:29:59,301 - BertrandtGUI - ERROR - Fehler beim Verbinden mit Arduino GIGA: [Errno 2] could not open port /dev/ttyACM0: [Errno 2] No such file or directory: '/dev/ttyACM0'
2025-08-13 12:29:59,301 - BertrandtGUI - INFO - esp32_1: ❌ Fehler
2025-08-13 12:29:59,301 - BertrandtGUI - INFO - esp32_2: ❌ Fehler
2025-08-13 12:29:59,301 - BertrandtGUI - INFO - esp32_3: ❌ Fehler
2025-08-13 12:29:59,301 - BertrandtGUI - INFO - giga: ❌ Fehler
2025-08-13 12:29:59,301 - BertrandtGUI - WARNING - ⚠️ Keine Hardware-Verbindungen erfolgreich - GUI startet trotzdem
2025-08-13 12:29:59,302 - BertrandtGUI - INFO - 🖥️ GUI wird initialisiert...
2025-08-13 12:29:59,302 - BertrandtGUI - INFO - 🚀 Starte Dynamic Messe Stand V4...
2025-08-13 12:29:59,526 - BertrandtGUI - DEBUG - Responsive Design: 1920x1080, Scale: 1.00
2025-08-13 12:29:59,602 - BertrandtGUI - INFO - Bertrandt Logo erfolgreich geladen
2025-08-13 12:29:59,662 - BertrandtGUI - DEBUG - Slide 1 in Editor geladen
2025-08-13 12:29:59,668 - BertrandtGUI - DEBUG - Home-Tab angezeigt
2025-08-13 12:29:59,668 - BertrandtGUI - DEBUG - Tab gewechselt: home
2025-08-13 12:29:59,668 - BertrandtGUI - INFO - ✅ Dynamic Messe Stand V4 erfolgreich initialisiert!
2025-08-13 12:29:59,668 - BertrandtGUI - INFO - ✅ Dynamic Messe Stand V4 erfolgreich gestartet!
2025-08-13 12:29:59,668 - BertrandtGUI - INFO - 💡 Drücke F11 für Vollbild, ESC zum Verlassen
2025-08-13 12:29:59,668 - BertrandtGUI - INFO - GUI-Hauptschleife gestartet
2025-08-13 12:30:12,080 - BertrandtGUI - DEBUG - Vollbild deaktiviert
2025-08-13 12:30:13,344 - BertrandtGUI - INFO - 🧹 Cleanup wird durchgeführt...
2025-08-13 12:30:13,345 - BertrandtGUI - INFO - 👋 Dynamic Messe Stand V4 beendet
2025-08-13 12:31:01,702 - BertrandtGUI - DEBUG - Slide 1 geladen
2025-08-13 12:31:01,702 - BertrandtGUI - INFO - 1 Slides geladen
2025-08-13 12:31:01,706 - BertrandtGUI - INFO - 🚀 Dynamic Messe Stand V4 wird gestartet...
2025-08-13 12:31:01,706 - BertrandtGUI - INFO - Python Version: 3.12.3 (main, Jun 18 2025, 17:59:45) [GCC 13.3.0]
2025-08-13 12:31:01,706 - BertrandtGUI - INFO - Arbeitsverzeichnis: /home/messe_pc/Dynamic_Messe_Stand_V3/Dynamic_Messe_Stand_V4/Python_GUI
2025-08-13 12:31:01,707 - BertrandtGUI - INFO - 🔌 Hardware-Setup wird gestartet...
2025-08-13 12:31:01,707 - BertrandtGUI - ERROR - Fehler beim Verbinden mit ESP32-1: [Errno 2] could not open port /dev/ttyUSB0: [Errno 2] No such file or directory: '/dev/ttyUSB0'
2025-08-13 12:31:01,707 - BertrandtGUI - ERROR - Fehler beim Verbinden mit ESP32-2: [Errno 2] could not open port /dev/ttyUSB1: [Errno 2] No such file or directory: '/dev/ttyUSB1'
2025-08-13 12:31:01,707 - BertrandtGUI - ERROR - Fehler beim Verbinden mit ESP32-3: [Errno 2] could not open port /dev/ttyUSB2: [Errno 2] No such file or directory: '/dev/ttyUSB2'
2025-08-13 12:31:01,707 - BertrandtGUI - ERROR - Fehler beim Verbinden mit Arduino GIGA: [Errno 2] could not open port /dev/ttyACM0: [Errno 2] No such file or directory: '/dev/ttyACM0'
2025-08-13 12:31:01,707 - BertrandtGUI - INFO - esp32_1: ❌ Fehler
2025-08-13 12:31:01,707 - BertrandtGUI - INFO - esp32_2: ❌ Fehler
2025-08-13 12:31:01,707 - BertrandtGUI - INFO - esp32_3: ❌ Fehler
2025-08-13 12:31:01,707 - BertrandtGUI - INFO - giga: ❌ Fehler
2025-08-13 12:31:01,707 - BertrandtGUI - WARNING - ⚠️ Keine Hardware-Verbindungen erfolgreich - GUI startet trotzdem
2025-08-13 12:31:01,707 - BertrandtGUI - INFO - 🖥️ GUI wird initialisiert...
2025-08-13 12:31:01,707 - BertrandtGUI - INFO - 🚀 Starte Dynamic Messe Stand V4...
2025-08-13 12:31:01,914 - BertrandtGUI - DEBUG - Responsive Design: 1920x1080, Scale: 1.00
2025-08-13 12:31:01,985 - BertrandtGUI - INFO - Bertrandt Logo erfolgreich geladen
2025-08-13 12:31:02,043 - BertrandtGUI - DEBUG - Slide 1 in Editor geladen
2025-08-13 12:31:02,049 - BertrandtGUI - DEBUG - Home-Tab angezeigt
2025-08-13 12:31:02,049 - BertrandtGUI - DEBUG - Tab gewechselt: home
2025-08-13 12:31:02,049 - BertrandtGUI - INFO - ✅ Dynamic Messe Stand V4 erfolgreich initialisiert!
2025-08-13 12:31:02,049 - BertrandtGUI - INFO - ✅ Dynamic Messe Stand V4 erfolgreich gestartet!
2025-08-13 12:31:02,049 - BertrandtGUI - INFO - 💡 Drücke F11 für Vollbild, ESC zum Verlassen
2025-08-13 12:31:02,049 - BertrandtGUI - INFO - GUI-Hauptschleife gestartet
2025-08-13 12:31:07,185 - BertrandtGUI - DEBUG - Vollbild deaktiviert
2025-08-13 12:31:08,639 - BertrandtGUI - INFO - 🧹 Cleanup wird durchgeführt...
2025-08-13 12:31:08,640 - BertrandtGUI - INFO - 👋 Dynamic Messe Stand V4 beendet
2025-08-13 12:31:52,006 - BertrandtGUI - DEBUG - Slide 1 geladen
2025-08-13 12:31:52,006 - BertrandtGUI - INFO - 1 Slides geladen
2025-08-13 12:31:52,011 - BertrandtGUI - INFO - 🚀 Dynamic Messe Stand V4 wird gestartet...
2025-08-13 12:31:52,011 - BertrandtGUI - INFO - Python Version: 3.12.3 (main, Jun 18 2025, 17:59:45) [GCC 13.3.0]
2025-08-13 12:31:52,011 - BertrandtGUI - INFO - Arbeitsverzeichnis: /home/messe_pc/Dynamic_Messe_Stand_V3/Dynamic_Messe_Stand_V4/Python_GUI
2025-08-13 12:31:52,011 - BertrandtGUI - INFO - 🔌 Hardware-Setup wird gestartet...
2025-08-13 12:31:52,011 - BertrandtGUI - ERROR - Fehler beim Verbinden mit ESP32-1: [Errno 2] could not open port /dev/ttyUSB0: [Errno 2] No such file or directory: '/dev/ttyUSB0'
2025-08-13 12:31:52,011 - BertrandtGUI - ERROR - Fehler beim Verbinden mit ESP32-2: [Errno 2] could not open port /dev/ttyUSB1: [Errno 2] No such file or directory: '/dev/ttyUSB1'
2025-08-13 12:31:52,011 - BertrandtGUI - ERROR - Fehler beim Verbinden mit ESP32-3: [Errno 2] could not open port /dev/ttyUSB2: [Errno 2] No such file or directory: '/dev/ttyUSB2'
2025-08-13 12:31:52,011 - BertrandtGUI - ERROR - Fehler beim Verbinden mit Arduino GIGA: [Errno 2] could not open port /dev/ttyACM0: [Errno 2] No such file or directory: '/dev/ttyACM0'
2025-08-13 12:31:52,011 - BertrandtGUI - INFO - esp32_1: ❌ Fehler
2025-08-13 12:31:52,011 - BertrandtGUI - INFO - esp32_2: ❌ Fehler
2025-08-13 12:31:52,011 - BertrandtGUI - INFO - esp32_3: ❌ Fehler
2025-08-13 12:31:52,011 - BertrandtGUI - INFO - giga: ❌ Fehler
2025-08-13 12:31:52,011 - BertrandtGUI - WARNING - ⚠️ Keine Hardware-Verbindungen erfolgreich - GUI startet trotzdem
2025-08-13 12:31:52,011 - BertrandtGUI - INFO - 🖥️ GUI wird initialisiert...
2025-08-13 12:31:52,011 - BertrandtGUI - INFO - 🚀 Starte Dynamic Messe Stand V4...
2025-08-13 12:31:52,216 - BertrandtGUI - DEBUG - Responsive Design: 1920x1080, Scale: 1.00
2025-08-13 12:31:52,282 - BertrandtGUI - INFO - Bertrandt Logo erfolgreich geladen
2025-08-13 12:31:52,341 - BertrandtGUI - DEBUG - Slide 1 in Editor geladen
2025-08-13 12:31:52,346 - BertrandtGUI - DEBUG - Home-Tab angezeigt
2025-08-13 12:31:52,346 - BertrandtGUI - DEBUG - Tab gewechselt: home
2025-08-13 12:31:52,346 - BertrandtGUI - INFO - ✅ Dynamic Messe Stand V4 erfolgreich initialisiert!
2025-08-13 12:31:52,346 - BertrandtGUI - INFO - ✅ Dynamic Messe Stand V4 erfolgreich gestartet!
2025-08-13 12:31:52,346 - BertrandtGUI - INFO - 💡 Drücke F11 für Vollbild, ESC zum Verlassen
2025-08-13 12:31:52,346 - BertrandtGUI - INFO - GUI-Hauptschleife gestartet
2025-08-13 12:31:56,169 - BertrandtGUI - DEBUG - Home-Tab versteckt
2025-08-13 12:31:56,169 - BertrandtGUI - DEBUG - Demo-Tab angezeigt
2025-08-13 12:31:56,169 - BertrandtGUI - DEBUG - Header-Navigation aktualisiert: demo
2025-08-13 12:31:56,169 - BertrandtGUI - DEBUG - Tab gewechselt: demo
2025-08-13 12:32:01,281 - BertrandtGUI - INFO - Slide-Dauer geändert: 5s
2025-08-13 12:32:01,281 - BertrandtGUI - DEBUG - Slide-Signal gesendet: page_1
2025-08-13 12:32:01,281 - BertrandtGUI - INFO - Demo gestartet - Slide 1, 5s pro Slide
2025-08-13 12:32:06,291 - BertrandtGUI - DEBUG - Slide-Signal gesendet: page_1
2025-08-13 12:32:06,292 - BertrandtGUI - DEBUG - Slide-Signal gesendet: page_1
2025-08-13 12:32:10,220 - BertrandtGUI - INFO - Demo gestoppt
2025-08-13 12:32:11,073 - BertrandtGUI - DEBUG - Demo-Tab versteckt
2025-08-13 12:32:11,073 - BertrandtGUI - DEBUG - Creator-Tab angezeigt
2025-08-13 12:32:11,073 - BertrandtGUI - DEBUG - Header-Navigation aktualisiert: creator
2025-08-13 12:32:11,073 - BertrandtGUI - DEBUG - Tab gewechselt: creator
2025-08-13 12:32:13,049 - BertrandtGUI - DEBUG - Slide 2 gespeichert
2025-08-13 12:32:13,049 - BertrandtGUI - INFO - Neue Slide 2 erstellt
2025-08-13 12:32:13,050 - BertrandtGUI - DEBUG - Slide 2 in Editor geladen
2025-08-13 12:32:19,049 - BertrandtGUI - DEBUG - Creator-Tab versteckt
2025-08-13 12:32:19,049 - BertrandtGUI - DEBUG - Presentation-Tab angezeigt
2025-08-13 12:32:19,049 - BertrandtGUI - DEBUG - Header-Navigation aktualisiert: presentation
2025-08-13 12:32:19,049 - BertrandtGUI - DEBUG - Tab gewechselt: presentation
2025-08-13 12:32:27,561 - BertrandtGUI - DEBUG - Presentation-Tab versteckt
2025-08-13 12:32:27,561 - BertrandtGUI - DEBUG - Home-Tab angezeigt
2025-08-13 12:32:27,561 - BertrandtGUI - DEBUG - Header-Navigation aktualisiert: home
2025-08-13 12:32:27,562 - BertrandtGUI - DEBUG - Tab gewechselt: home
2025-08-13 12:33:38,933 - BertrandtGUI - DEBUG - Vollbild deaktiviert
2025-08-13 12:33:40,719 - BertrandtGUI - INFO - 🧹 Cleanup wird durchgeführt...
2025-08-13 12:33:40,720 - BertrandtGUI - INFO - 👋 Dynamic Messe Stand V4 beendet
2025-08-13 12:36:09,515 - BertrandtGUI - DEBUG - Slide 9 geladen
2025-08-13 12:36:09,515 - BertrandtGUI - DEBUG - Slide 8 geladen
2025-08-13 12:36:09,515 - BertrandtGUI - DEBUG - Slide 2 geladen
2025-08-13 12:36:09,515 - BertrandtGUI - DEBUG - Slide 4 geladen
2025-08-13 12:36:09,515 - BertrandtGUI - DEBUG - Slide 5 geladen
2025-08-13 12:36:09,516 - BertrandtGUI - DEBUG - Slide 6 geladen
2025-08-13 12:36:09,516 - BertrandtGUI - DEBUG - Slide 3 geladen
2025-08-13 12:36:09,516 - BertrandtGUI - DEBUG - Slide 7 geladen
2025-08-13 12:36:09,516 - BertrandtGUI - DEBUG - Slide 1 geladen
2025-08-13 12:36:09,516 - BertrandtGUI - DEBUG - Slide 10 geladen
2025-08-13 12:36:09,516 - BertrandtGUI - INFO - 10 Slides geladen
2025-08-13 12:36:09,525 - BertrandtGUI - INFO - 🚀 Dynamic Messe Stand V4 wird gestartet...
2025-08-13 12:36:09,525 - BertrandtGUI - INFO - Python Version: 3.12.3 (main, Jun 18 2025, 17:59:45) [GCC 13.3.0]
2025-08-13 12:36:09,525 - BertrandtGUI - INFO - Arbeitsverzeichnis: /home/messe_pc/Dynamic_Messe_Stand_V3/Dynamic_Messe_Stand_V4/Python_GUI
2025-08-13 12:36:09,525 - BertrandtGUI - INFO - 🔌 Hardware-Setup wird gestartet...
2025-08-13 12:36:09,525 - BertrandtGUI - ERROR - Fehler beim Verbinden mit ESP32-1: [Errno 2] could not open port /dev/ttyUSB0: [Errno 2] No such file or directory: '/dev/ttyUSB0'
2025-08-13 12:36:09,525 - BertrandtGUI - ERROR - Fehler beim Verbinden mit ESP32-2: [Errno 2] could not open port /dev/ttyUSB1: [Errno 2] No such file or directory: '/dev/ttyUSB1'
2025-08-13 12:36:09,525 - BertrandtGUI - ERROR - Fehler beim Verbinden mit ESP32-3: [Errno 2] could not open port /dev/ttyUSB2: [Errno 2] No such file or directory: '/dev/ttyUSB2'
2025-08-13 12:36:09,525 - BertrandtGUI - ERROR - Fehler beim Verbinden mit Arduino GIGA: [Errno 2] could not open port /dev/ttyACM0: [Errno 2] No such file or directory: '/dev/ttyACM0'
2025-08-13 12:36:09,525 - BertrandtGUI - INFO - esp32_1: ❌ Fehler
2025-08-13 12:36:09,525 - BertrandtGUI - INFO - esp32_2: ❌ Fehler
2025-08-13 12:36:09,525 - BertrandtGUI - INFO - esp32_3: ❌ Fehler
2025-08-13 12:36:09,525 - BertrandtGUI - INFO - giga: ❌ Fehler
2025-08-13 12:36:09,526 - BertrandtGUI - WARNING - ⚠️ Keine Hardware-Verbindungen erfolgreich - GUI startet trotzdem
2025-08-13 12:36:09,526 - BertrandtGUI - INFO - 🖥️ GUI wird initialisiert...
2025-08-13 12:36:09,526 - BertrandtGUI - INFO - 🚀 Starte Dynamic Messe Stand V4...
2025-08-13 12:36:09,734 - BertrandtGUI - DEBUG - Responsive Design: 1920x1080, Scale: 1.00
2025-08-13 12:36:09,796 - BertrandtGUI - INFO - Bertrandt Logo erfolgreich geladen
2025-08-13 12:36:09,863 - BertrandtGUI - DEBUG - Slide 1 in Editor geladen
2025-08-13 12:36:09,870 - BertrandtGUI - DEBUG - Home-Tab angezeigt
2025-08-13 12:36:09,870 - BertrandtGUI - DEBUG - Tab gewechselt: home
2025-08-13 12:36:09,870 - BertrandtGUI - INFO - ✅ Dynamic Messe Stand V4 erfolgreich initialisiert!
2025-08-13 12:36:09,870 - BertrandtGUI - INFO - ✅ Dynamic Messe Stand V4 erfolgreich gestartet!
2025-08-13 12:36:09,870 - BertrandtGUI - INFO - 💡 Drücke F11 für Vollbild, ESC zum Verlassen
2025-08-13 12:36:09,870 - BertrandtGUI - INFO - GUI-Hauptschleife gestartet
2025-08-13 12:36:12,463 - BertrandtGUI - DEBUG - Home-Tab versteckt
2025-08-13 12:36:12,463 - BertrandtGUI - DEBUG - Demo-Tab angezeigt
2025-08-13 12:36:12,463 - BertrandtGUI - DEBUG - Header-Navigation aktualisiert: demo
2025-08-13 12:36:12,463 - BertrandtGUI - DEBUG - Tab gewechselt: demo
2025-08-13 12:36:13,798 - BertrandtGUI - DEBUG - Demo-Tab versteckt
2025-08-13 12:36:13,799 - BertrandtGUI - DEBUG - Creator-Tab angezeigt
2025-08-13 12:36:13,799 - BertrandtGUI - DEBUG - Header-Navigation aktualisiert: creator
2025-08-13 12:36:13,799 - BertrandtGUI - DEBUG - Tab gewechselt: creator
2025-08-13 12:36:15,886 - BertrandtGUI - DEBUG - Slide 2 in Editor geladen
2025-08-13 12:36:16,446 - BertrandtGUI - DEBUG - Slide 3 in Editor geladen
2025-08-13 12:36:16,878 - BertrandtGUI - DEBUG - Slide 4 in Editor geladen
2025-08-13 12:36:17,310 - BertrandtGUI - DEBUG - Slide 7 in Editor geladen
2025-08-13 12:36:17,766 - BertrandtGUI - DEBUG - Slide 10 in Editor geladen
2025-08-13 12:36:18,718 - BertrandtGUI - DEBUG - Creator-Tab versteckt
2025-08-13 12:36:18,718 - BertrandtGUI - DEBUG - Demo-Tab angezeigt
2025-08-13 12:36:18,719 - BertrandtGUI - DEBUG - Header-Navigation aktualisiert: demo
2025-08-13 12:36:18,719 - BertrandtGUI - DEBUG - Tab gewechselt: demo
2025-08-13 12:36:23,318 - BertrandtGUI - INFO - Slide-Dauer geändert: 2s
2025-08-13 12:36:23,318 - BertrandtGUI - DEBUG - Slide-Signal gesendet: page_1
2025-08-13 12:36:23,318 - BertrandtGUI - INFO - Demo gestartet - Slide 1, 2s pro Slide
2025-08-13 12:36:25,325 - BertrandtGUI - DEBUG - Slide-Signal gesendet: page_2
2025-08-13 12:36:25,326 - BertrandtGUI - DEBUG - Slide-Signal gesendet: page_2
2025-08-13 12:36:27,331 - BertrandtGUI - DEBUG - Slide-Signal gesendet: page_3
2025-08-13 12:36:27,332 - BertrandtGUI - DEBUG - Slide-Signal gesendet: page_3
2025-08-13 12:36:29,340 - BertrandtGUI - DEBUG - Slide-Signal gesendet: page_4
2025-08-13 12:36:29,341 - BertrandtGUI - DEBUG - Slide-Signal gesendet: page_4
2025-08-13 12:36:30,821 - BertrandtGUI - DEBUG - Slide-Signal gesendet: page_5
2025-08-13 12:36:31,317 - BertrandtGUI - DEBUG - Slide-Signal gesendet: page_6
2025-08-13 12:36:31,344 - BertrandtGUI - DEBUG - Slide-Signal gesendet: page_7
2025-08-13 12:36:31,345 - BertrandtGUI - DEBUG - Slide-Signal gesendet: page_7
2025-08-13 12:36:31,693 - BertrandtGUI - DEBUG - Slide-Signal gesendet: page_8
2025-08-13 12:36:32,061 - BertrandtGUI - DEBUG - Slide-Signal gesendet: page_9
2025-08-13 12:36:32,829 - BertrandtGUI - DEBUG - Slide-Signal gesendet: page_10
2025-08-13 12:36:33,349 - BertrandtGUI - DEBUG - Slide-Signal gesendet: page_1
2025-08-13 12:36:33,350 - BertrandtGUI - DEBUG - Slide-Signal gesendet: page_1
2025-08-13 12:36:35,353 - BertrandtGUI - DEBUG - Slide-Signal gesendet: page_2
2025-08-13 12:36:35,354 - BertrandtGUI - DEBUG - Slide-Signal gesendet: page_2
2025-08-13 12:36:35,989 - BertrandtGUI - DEBUG - Demo-Tab versteckt
2025-08-13 12:36:35,989 - BertrandtGUI - DEBUG - Presentation-Tab angezeigt
2025-08-13 12:36:35,989 - BertrandtGUI - DEBUG - Header-Navigation aktualisiert: presentation
2025-08-13 12:36:35,989 - BertrandtGUI - DEBUG - Tab gewechselt: presentation
2025-08-13 12:36:37,221 - BertrandtGUI - INFO - Zu Slide 3 gewechselt
2025-08-13 12:36:37,357 - BertrandtGUI - DEBUG - Slide-Signal gesendet: page_3
2025-08-13 12:36:37,358 - BertrandtGUI - DEBUG - Slide-Signal gesendet: page_3
2025-08-13 12:36:37,829 - BertrandtGUI - INFO - Zu Slide 4 gewechselt
2025-08-13 12:36:38,485 - BertrandtGUI - INFO - Zu Slide 8 gewechselt
2025-08-13 12:36:38,981 - BertrandtGUI - INFO - Zu Slide 6 gewechselt
2025-08-13 12:36:39,360 - BertrandtGUI - DEBUG - Slide-Signal gesendet: page_4
2025-08-13 12:36:39,360 - BertrandtGUI - DEBUG - Slide-Signal gesendet: page_4
2025-08-13 12:36:39,605 - BertrandtGUI - INFO - Zu Slide 5 gewechselt
2025-08-13 12:36:40,476 - BertrandtGUI - INFO - Zu Slide 6 gewechselt
2025-08-13 12:36:40,909 - BertrandtGUI - INFO - Zu Slide 7 gewechselt
2025-08-13 12:36:41,149 - BertrandtGUI - INFO - Zu Slide 8 gewechselt
2025-08-13 12:36:41,362 - BertrandtGUI - DEBUG - Slide-Signal gesendet: page_5
2025-08-13 12:36:41,363 - BertrandtGUI - DEBUG - Slide-Signal gesendet: page_5
2025-08-13 12:36:41,372 - BertrandtGUI - INFO - Zu Slide 9 gewechselt
2025-08-13 12:36:41,596 - BertrandtGUI - INFO - Zu Slide 10 gewechselt
2025-08-13 12:36:41,892 - BertrandtGUI - INFO - Zu Slide 1 gewechselt
2025-08-13 12:36:42,100 - BertrandtGUI - INFO - Zu Slide 2 gewechselt
2025-08-13 12:36:42,308 - BertrandtGUI - INFO - Zu Slide 3 gewechselt
2025-08-13 12:36:42,508 - BertrandtGUI - INFO - Zu Slide 4 gewechselt
2025-08-13 12:36:42,716 - BertrandtGUI - INFO - Zu Slide 5 gewechselt
2025-08-13 12:36:42,908 - BertrandtGUI - INFO - Zu Slide 6 gewechselt
2025-08-13 12:36:43,365 - BertrandtGUI - DEBUG - Slide-Signal gesendet: page_6
2025-08-13 12:36:43,367 - BertrandtGUI - DEBUG - Slide-Signal gesendet: page_6
2025-08-13 12:36:44,340 - BertrandtGUI - DEBUG - Presentation-Tab versteckt
2025-08-13 12:36:44,341 - BertrandtGUI - DEBUG - Demo-Tab angezeigt
2025-08-13 12:36:44,341 - BertrandtGUI - DEBUG - Header-Navigation aktualisiert: demo
2025-08-13 12:36:44,341 - BertrandtGUI - DEBUG - Tab gewechselt: demo
2025-08-13 12:36:45,369 - BertrandtGUI - DEBUG - Slide-Signal gesendet: page_7
2025-08-13 12:36:45,370 - BertrandtGUI - DEBUG - Slide-Signal gesendet: page_7
2025-08-13 12:36:47,372 - BertrandtGUI - DEBUG - Slide-Signal gesendet: page_8
2025-08-13 12:36:47,373 - BertrandtGUI - DEBUG - Slide-Signal gesendet: page_8
2025-08-13 12:36:49,377 - BertrandtGUI - DEBUG - Slide-Signal gesendet: page_9
2025-08-13 12:36:49,377 - BertrandtGUI - DEBUG - Slide-Signal gesendet: page_9
2025-08-13 12:36:50,172 - BertrandtGUI - DEBUG - Demo-Tab versteckt
2025-08-13 12:36:50,172 - BertrandtGUI - DEBUG - Creator-Tab angezeigt
2025-08-13 12:36:50,172 - BertrandtGUI - DEBUG - Header-Navigation aktualisiert: creator
2025-08-13 12:36:50,173 - BertrandtGUI - DEBUG - Tab gewechselt: creator
2025-08-13 12:36:51,383 - BertrandtGUI - DEBUG - Slide-Signal gesendet: page_10
2025-08-13 12:36:51,384 - BertrandtGUI - DEBUG - Slide-Signal gesendet: page_10
2025-08-13 12:36:53,386 - BertrandtGUI - DEBUG - Slide-Signal gesendet: page_1
2025-08-13 12:36:53,386 - BertrandtGUI - DEBUG - Slide-Signal gesendet: page_1
2025-08-13 12:36:53,726 - BertrandtGUI - DEBUG - Vollbild deaktiviert
2025-08-13 12:36:55,026 - BertrandtGUI - INFO - 🧹 Cleanup wird durchgeführt...
2025-08-13 12:36:55,026 - BertrandtGUI - INFO - 👋 Dynamic Messe Stand V4 beendet
2025-08-13 12:42:38,841 - BertrandtGUI - DEBUG - Slide 9 geladen
2025-08-13 12:42:38,841 - BertrandtGUI - DEBUG - Slide 8 geladen
2025-08-13 12:42:38,841 - BertrandtGUI - DEBUG - Slide 2 geladen
2025-08-13 12:42:38,841 - BertrandtGUI - DEBUG - Slide 4 geladen
2025-08-13 12:42:38,841 - BertrandtGUI - DEBUG - Slide 5 geladen
2025-08-13 12:42:38,841 - BertrandtGUI - DEBUG - Slide 6 geladen
2025-08-13 12:42:38,842 - BertrandtGUI - DEBUG - Slide 3 geladen
2025-08-13 12:42:38,842 - BertrandtGUI - DEBUG - Slide 7 geladen
2025-08-13 12:42:38,842 - BertrandtGUI - DEBUG - Slide 1 geladen
2025-08-13 12:42:38,842 - BertrandtGUI - DEBUG - Slide 10 geladen
2025-08-13 12:42:38,842 - BertrandtGUI - INFO - 10 Slides geladen
2025-08-13 12:42:38,850 - BertrandtGUI - INFO - 🚀 Dynamic Messe Stand V4 wird gestartet...
2025-08-13 12:42:38,850 - BertrandtGUI - INFO - Python Version: 3.12.3 (main, Jun 18 2025, 17:59:45) [GCC 13.3.0]
2025-08-13 12:42:38,850 - BertrandtGUI - INFO - Arbeitsverzeichnis: /home/messe_pc/Dynamic_Messe_Stand_V3/Dynamic_Messe_Stand_V4/Python_GUI
2025-08-13 12:42:38,850 - BertrandtGUI - INFO - 🔌 Hardware-Setup wird gestartet...
2025-08-13 12:42:38,850 - BertrandtGUI - ERROR - Fehler beim Verbinden mit ESP32-1: [Errno 2] could not open port /dev/ttyUSB0: [Errno 2] No such file or directory: '/dev/ttyUSB0'
2025-08-13 12:42:38,850 - BertrandtGUI - ERROR - Fehler beim Verbinden mit ESP32-2: [Errno 2] could not open port /dev/ttyUSB1: [Errno 2] No such file or directory: '/dev/ttyUSB1'
2025-08-13 12:42:38,850 - BertrandtGUI - ERROR - Fehler beim Verbinden mit ESP32-3: [Errno 2] could not open port /dev/ttyUSB2: [Errno 2] No such file or directory: '/dev/ttyUSB2'
2025-08-13 12:42:38,850 - BertrandtGUI - ERROR - Fehler beim Verbinden mit Arduino GIGA: [Errno 2] could not open port /dev/ttyACM0: [Errno 2] No such file or directory: '/dev/ttyACM0'
2025-08-13 12:42:38,850 - BertrandtGUI - INFO - esp32_1: ❌ Fehler
2025-08-13 12:42:38,850 - BertrandtGUI - INFO - esp32_2: ❌ Fehler
2025-08-13 12:42:38,850 - BertrandtGUI - INFO - esp32_3: ❌ Fehler
2025-08-13 12:42:38,851 - BertrandtGUI - INFO - giga: ❌ Fehler
2025-08-13 12:42:38,851 - BertrandtGUI - WARNING - ⚠️ Keine Hardware-Verbindungen erfolgreich - GUI startet trotzdem
2025-08-13 12:42:38,851 - BertrandtGUI - INFO - 🖥️ GUI wird initialisiert...
2025-08-13 12:42:38,851 - BertrandtGUI - INFO - 🚀 Starte Dynamic Messe Stand V4...
2025-08-13 12:42:39,050 - BertrandtGUI - DEBUG - Responsive Design: 1920x1080, Scale: 1.00
2025-08-13 12:42:39,105 - BertrandtGUI - INFO - Bertrandt Logo erfolgreich geladen
2025-08-13 12:42:39,165 - BertrandtGUI - DEBUG - Slide 1 in Editor geladen
2025-08-13 12:42:39,169 - BertrandtGUI - DEBUG - Home-Tab angezeigt
2025-08-13 12:42:39,169 - BertrandtGUI - DEBUG - Tab gewechselt: home
2025-08-13 12:42:39,170 - BertrandtGUI - INFO - ✅ Dynamic Messe Stand V4 erfolgreich initialisiert!
2025-08-13 12:42:39,170 - BertrandtGUI - INFO - ✅ Dynamic Messe Stand V4 erfolgreich gestartet!
2025-08-13 12:42:39,170 - BertrandtGUI - INFO - 💡 Drücke F11 für Vollbild, ESC zum Verlassen
2025-08-13 12:42:39,170 - BertrandtGUI - INFO - GUI-Hauptschleife gestartet
2025-08-13 12:42:47,867 - BertrandtGUI - DEBUG - Home-Tab versteckt
2025-08-13 12:42:47,867 - BertrandtGUI - DEBUG - Demo-Tab angezeigt
2025-08-13 12:42:47,868 - BertrandtGUI - DEBUG - Header-Navigation aktualisiert: demo
2025-08-13 12:42:47,868 - BertrandtGUI - DEBUG - Tab gewechselt: demo
2025-08-13 12:42:49,067 - BertrandtGUI - DEBUG - Demo-Tab versteckt
2025-08-13 12:42:49,068 - BertrandtGUI - DEBUG - Creator-Tab angezeigt
2025-08-13 12:42:49,068 - BertrandtGUI - DEBUG - Header-Navigation aktualisiert: creator
2025-08-13 12:42:49,068 - BertrandtGUI - DEBUG - Tab gewechselt: creator
2025-08-13 12:42:51,299 - BertrandtGUI - DEBUG - Creator-Tab versteckt
2025-08-13 12:42:51,299 - BertrandtGUI - DEBUG - Demo-Tab angezeigt
2025-08-13 12:42:51,300 - BertrandtGUI - DEBUG - Header-Navigation aktualisiert: demo
2025-08-13 12:42:51,300 - BertrandtGUI - DEBUG - Tab gewechselt: demo
2025-08-13 12:42:52,371 - BertrandtGUI - DEBUG - Demo-Tab versteckt
2025-08-13 12:42:52,371 - BertrandtGUI - DEBUG - Home-Tab angezeigt
2025-08-13 12:42:52,372 - BertrandtGUI - DEBUG - Header-Navigation aktualisiert: home
2025-08-13 12:42:52,372 - BertrandtGUI - DEBUG - Tab gewechselt: home
2025-08-13 12:42:53,923 - BertrandtGUI - DEBUG - Home-Tab versteckt
2025-08-13 12:42:53,923 - BertrandtGUI - DEBUG - Demo-Tab angezeigt
2025-08-13 12:42:53,924 - BertrandtGUI - DEBUG - Header-Navigation aktualisiert: demo
2025-08-13 12:42:53,924 - BertrandtGUI - DEBUG - Tab gewechselt: demo
2025-08-13 12:42:55,099 - BertrandtGUI - DEBUG - Demo-Tab versteckt
2025-08-13 12:42:55,099 - BertrandtGUI - DEBUG - Home-Tab angezeigt
2025-08-13 12:42:55,099 - BertrandtGUI - DEBUG - Header-Navigation aktualisiert: home
2025-08-13 12:42:55,099 - BertrandtGUI - DEBUG - Tab gewechselt: home
2025-08-13 12:43:30,238 - BertrandtGUI - DEBUG - Vollbild deaktiviert
2025-08-13 12:43:32,941 - BertrandtGUI - INFO - 🧹 Cleanup wird durchgeführt...
2025-08-13 12:43:32,941 - BertrandtGUI - INFO - 👋 Dynamic Messe Stand V4 beendet
2025-08-13 12:46:54,366 - BertrandtGUI - DEBUG - Slide 9 geladen
2025-08-13 12:46:54,366 - BertrandtGUI - DEBUG - Slide 8 geladen
2025-08-13 12:46:54,366 - BertrandtGUI - DEBUG - Slide 2 geladen
2025-08-13 12:46:54,366 - BertrandtGUI - DEBUG - Slide 4 geladen
2025-08-13 12:46:54,366 - BertrandtGUI - DEBUG - Slide 5 geladen
2025-08-13 12:46:54,366 - BertrandtGUI - DEBUG - Slide 6 geladen
2025-08-13 12:46:54,366 - BertrandtGUI - DEBUG - Slide 3 geladen
2025-08-13 12:46:54,366 - BertrandtGUI - DEBUG - Slide 7 geladen
2025-08-13 12:46:54,366 - BertrandtGUI - DEBUG - Slide 1 geladen
2025-08-13 12:46:54,366 - BertrandtGUI - DEBUG - Slide 10 geladen
2025-08-13 12:46:54,366 - BertrandtGUI - INFO - 10 Slides geladen
2025-08-13 12:46:54,379 - BertrandtGUI - INFO - 🚀 Dynamic Messe Stand V4 wird gestartet...
2025-08-13 12:46:54,379 - BertrandtGUI - INFO - Python Version: 3.12.3 (main, Jun 18 2025, 17:59:45) [GCC 13.3.0]
2025-08-13 12:46:54,379 - BertrandtGUI - INFO - Arbeitsverzeichnis: /home/messe_pc/Dynamic_Messe_Stand_V3/Dynamic_Messe_Stand_V4/Python_GUI
2025-08-13 12:46:54,379 - BertrandtGUI - INFO - 🔌 Hardware-Setup wird gestartet...
2025-08-13 12:46:54,379 - BertrandtGUI - ERROR - Fehler beim Verbinden mit ESP32-1: [Errno 2] could not open port /dev/ttyUSB0: [Errno 2] No such file or directory: '/dev/ttyUSB0'
2025-08-13 12:46:54,379 - BertrandtGUI - ERROR - Fehler beim Verbinden mit ESP32-2: [Errno 2] could not open port /dev/ttyUSB1: [Errno 2] No such file or directory: '/dev/ttyUSB1'
2025-08-13 12:46:54,379 - BertrandtGUI - ERROR - Fehler beim Verbinden mit ESP32-3: [Errno 2] could not open port /dev/ttyUSB2: [Errno 2] No such file or directory: '/dev/ttyUSB2'
2025-08-13 12:46:54,379 - BertrandtGUI - ERROR - Fehler beim Verbinden mit Arduino GIGA: [Errno 2] could not open port /dev/ttyACM0: [Errno 2] No such file or directory: '/dev/ttyACM0'
2025-08-13 12:46:54,379 - BertrandtGUI - INFO - esp32_1: ❌ Fehler
2025-08-13 12:46:54,379 - BertrandtGUI - INFO - esp32_2: ❌ Fehler
2025-08-13 12:46:54,379 - BertrandtGUI - INFO - esp32_3: ❌ Fehler
2025-08-13 12:46:54,379 - BertrandtGUI - INFO - giga: ❌ Fehler
2025-08-13 12:46:54,379 - BertrandtGUI - WARNING - ⚠️ Keine Hardware-Verbindungen erfolgreich - GUI startet trotzdem
2025-08-13 12:46:54,379 - BertrandtGUI - INFO - 🖥️ GUI wird initialisiert...
2025-08-13 12:46:54,379 - BertrandtGUI - INFO - 🚀 Starte Dynamic Messe Stand V4...
2025-08-13 12:46:54,577 - BertrandtGUI - DEBUG - Responsive Design: 1920x1080, Scale: 1.00
2025-08-13 12:46:54,641 - BertrandtGUI - INFO - Bertrandt Logo erfolgreich geladen
2025-08-13 12:46:54,693 - BertrandtGUI - DEBUG - Home-Tab angezeigt
2025-08-13 12:46:54,693 - BertrandtGUI - DEBUG - Tab gewechselt: home
2025-08-13 12:46:54,693 - BertrandtGUI - INFO - ✅ Dynamic Messe Stand V4 erfolgreich initialisiert!
2025-08-13 12:46:54,693 - BertrandtGUI - INFO - ✅ Dynamic Messe Stand V4 erfolgreich gestartet!
2025-08-13 12:46:54,693 - BertrandtGUI - INFO - 💡 Drücke F11 für Vollbild, ESC zum Verlassen
2025-08-13 12:46:54,693 - BertrandtGUI - INFO - GUI-Hauptschleife gestartet
2025-08-13 12:46:57,437 - BertrandtGUI - DEBUG - Home-Tab versteckt
2025-08-13 12:46:57,438 - BertrandtGUI - DEBUG - Demo-Tab angezeigt
2025-08-13 12:46:57,438 - BertrandtGUI - DEBUG - Header-Navigation aktualisiert: demo
2025-08-13 12:46:57,438 - BertrandtGUI - DEBUG - Tab gewechselt: demo
2025-08-13 12:46:58,669 - BertrandtGUI - DEBUG - Demo-Tab versteckt
2025-08-13 12:47:02,214 - BertrandtGUI - DEBUG - Slide 2 in PowerPoint-Editor geladen
2025-08-13 12:47:03,110 - BertrandtGUI - DEBUG - Slide 3 in PowerPoint-Editor geladen
2025-08-13 12:47:07,119 - BertrandtGUI - DEBUG - Vollbild deaktiviert
2025-08-13 12:47:14,821 - BertrandtGUI - DEBUG - Slide 5 in PowerPoint-Editor geladen
2025-08-13 12:47:16,950 - BertrandtGUI - DEBUG - Slide 6 in PowerPoint-Editor geladen
2025-08-13 12:47:30,421 - BertrandtGUI - DEBUG - Demo-Tab angezeigt
2025-08-13 12:47:30,421 - BertrandtGUI - DEBUG - Tab gewechselt: demo
2025-08-13 12:47:31,997 - BertrandtGUI - DEBUG - Slide 6 gespeichert
2025-08-13 12:47:33,693 - BertrandtGUI - DEBUG - Demo-Tab versteckt
2025-08-13 12:47:33,693 - BertrandtGUI - DEBUG - Header-Navigation aktualisiert: creator
2025-08-13 12:47:33,693 - BertrandtGUI - DEBUG - Tab gewechselt: creator
2025-08-13 12:47:34,349 - BertrandtGUI - DEBUG - Creator-Tab versteckt
2025-08-13 12:47:34,349 - BertrandtGUI - DEBUG - Demo-Tab angezeigt
2025-08-13 12:47:34,349 - BertrandtGUI - DEBUG - Header-Navigation aktualisiert: demo
2025-08-13 12:47:34,349 - BertrandtGUI - DEBUG - Tab gewechselt: demo
2025-08-13 12:47:36,572 - BertrandtGUI - INFO - Slide-Dauer geändert: 5s
2025-08-13 12:47:36,573 - BertrandtGUI - DEBUG - Slide-Signal gesendet: page_1
2025-08-13 12:47:36,573 - BertrandtGUI - INFO - Demo gestartet - Slide 1, 5s pro Slide
2025-08-13 12:47:41,578 - BertrandtGUI - DEBUG - Slide-Signal gesendet: page_2
2025-08-13 12:47:41,579 - BertrandtGUI - DEBUG - Slide-Signal gesendet: page_2
2025-08-13 12:47:44,964 - BertrandtGUI - DEBUG - Slide-Signal gesendet: page_3
2025-08-13 12:47:45,460 - BertrandtGUI - DEBUG - Slide-Signal gesendet: page_4
2025-08-13 12:47:46,585 - BertrandtGUI - DEBUG - Slide-Signal gesendet: page_5
2025-08-13 12:47:46,586 - BertrandtGUI - DEBUG - Slide-Signal gesendet: page_5
2025-08-13 12:47:47,460 - BertrandtGUI - DEBUG - Slide-Signal gesendet: page_6
2025-08-13 12:47:49,196 - BertrandtGUI - DEBUG - Slide-Signal gesendet: page_5
2025-08-13 12:47:51,594 - BertrandtGUI - DEBUG - Slide-Signal gesendet: page_6
2025-08-13 12:47:51,595 - BertrandtGUI - DEBUG - Slide-Signal gesendet: page_6
2025-08-13 12:47:56,601 - BertrandtGUI - DEBUG - Slide-Signal gesendet: page_7
2025-08-13 12:47:56,602 - BertrandtGUI - DEBUG - Slide-Signal gesendet: page_7
2025-08-13 12:48:01,633 - BertrandtGUI - DEBUG - Slide-Signal gesendet: page_8
2025-08-13 12:48:01,634 - BertrandtGUI - DEBUG - Slide-Signal gesendet: page_8
2025-08-13 12:48:06,639 - BertrandtGUI - DEBUG - Slide-Signal gesendet: page_9
2025-08-13 12:48:06,640 - BertrandtGUI - DEBUG - Slide-Signal gesendet: page_9
2025-08-13 12:48:11,671 - BertrandtGUI - DEBUG - Slide-Signal gesendet: page_10
2025-08-13 12:48:11,672 - BertrandtGUI - DEBUG - Slide-Signal gesendet: page_10
2025-08-13 12:48:16,677 - BertrandtGUI - DEBUG - Slide-Signal gesendet: page_1
2025-08-13 12:48:16,679 - BertrandtGUI - DEBUG - Slide-Signal gesendet: page_1
2025-08-13 12:48:21,710 - BertrandtGUI - DEBUG - Slide-Signal gesendet: page_2
2025-08-13 12:48:21,713 - BertrandtGUI - DEBUG - Slide-Signal gesendet: page_2
2025-08-13 12:48:26,719 - BertrandtGUI - DEBUG - Slide-Signal gesendet: page_3
2025-08-13 12:48:26,719 - BertrandtGUI - DEBUG - Slide-Signal gesendet: page_3
2025-08-13 12:48:31,750 - BertrandtGUI - DEBUG - Slide-Signal gesendet: page_4
2025-08-13 12:48:31,751 - BertrandtGUI - DEBUG - Slide-Signal gesendet: page_4
2025-08-13 12:48:36,780 - BertrandtGUI - DEBUG - Slide-Signal gesendet: page_5
2025-08-13 12:48:36,780 - BertrandtGUI - DEBUG - Slide-Signal gesendet: page_5
2025-08-13 12:48:41,810 - BertrandtGUI - DEBUG - Slide-Signal gesendet: page_6
2025-08-13 12:48:41,812 - BertrandtGUI - DEBUG - Slide-Signal gesendet: page_6
2025-08-13 12:48:46,842 - BertrandtGUI - DEBUG - Slide-Signal gesendet: page_7
2025-08-13 12:48:46,842 - BertrandtGUI - DEBUG - Slide-Signal gesendet: page_7
2025-08-13 12:48:51,873 - BertrandtGUI - DEBUG - Slide-Signal gesendet: page_8
2025-08-13 12:48:51,873 - BertrandtGUI - DEBUG - Slide-Signal gesendet: page_8
2025-08-13 12:48:56,882 - BertrandtGUI - DEBUG - Slide-Signal gesendet: page_9
2025-08-13 12:48:56,882 - BertrandtGUI - DEBUG - Slide-Signal gesendet: page_9
2025-08-13 12:49:01,913 - BertrandtGUI - DEBUG - Slide-Signal gesendet: page_10
2025-08-13 12:49:01,914 - BertrandtGUI - DEBUG - Slide-Signal gesendet: page_10
2025-08-13 12:49:06,944 - BertrandtGUI - DEBUG - Slide-Signal gesendet: page_1
2025-08-13 12:49:06,945 - BertrandtGUI - DEBUG - Slide-Signal gesendet: page_1
2025-08-13 12:49:11,951 - BertrandtGUI - DEBUG - Slide-Signal gesendet: page_2
2025-08-13 12:49:11,951 - BertrandtGUI - DEBUG - Slide-Signal gesendet: page_2
2025-08-13 12:49:16,959 - BertrandtGUI - DEBUG - Slide-Signal gesendet: page_3
2025-08-13 12:49:16,960 - BertrandtGUI - DEBUG - Slide-Signal gesendet: page_3
2025-08-13 12:49:21,965 - BertrandtGUI - DEBUG - Slide-Signal gesendet: page_4
2025-08-13 12:49:21,965 - BertrandtGUI - DEBUG - Slide-Signal gesendet: page_4
2025-08-13 12:49:26,997 - BertrandtGUI - DEBUG - Slide-Signal gesendet: page_5
2025-08-13 12:49:26,999 - BertrandtGUI - DEBUG - Slide-Signal gesendet: page_5
2025-08-13 12:49:32,011 - BertrandtGUI - DEBUG - Slide-Signal gesendet: page_6
2025-08-13 12:49:32,012 - BertrandtGUI - DEBUG - Slide-Signal gesendet: page_6
2025-08-13 12:49:37,020 - BertrandtGUI - DEBUG - Slide-Signal gesendet: page_7
2025-08-13 12:49:37,021 - BertrandtGUI - DEBUG - Slide-Signal gesendet: page_7
2025-08-13 12:49:42,026 - BertrandtGUI - DEBUG - Slide-Signal gesendet: page_8
2025-08-13 12:49:42,026 - BertrandtGUI - DEBUG - Slide-Signal gesendet: page_8
2025-08-13 12:49:47,032 - BertrandtGUI - DEBUG - Slide-Signal gesendet: page_9
2025-08-13 12:49:47,032 - BertrandtGUI - DEBUG - Slide-Signal gesendet: page_9
2025-08-13 12:49:52,037 - BertrandtGUI - DEBUG - Slide-Signal gesendet: page_10
2025-08-13 12:49:52,038 - BertrandtGUI - DEBUG - Slide-Signal gesendet: page_10
2025-08-13 12:49:57,046 - BertrandtGUI - DEBUG - Slide-Signal gesendet: page_1
2025-08-13 12:49:57,046 - BertrandtGUI - DEBUG - Slide-Signal gesendet: page_1
2025-08-13 12:50:02,077 - BertrandtGUI - DEBUG - Slide-Signal gesendet: page_2
2025-08-13 12:50:02,078 - BertrandtGUI - DEBUG - Slide-Signal gesendet: page_2
2025-08-13 12:50:07,092 - BertrandtGUI - DEBUG - Slide-Signal gesendet: page_3
2025-08-13 12:50:07,093 - BertrandtGUI - DEBUG - Slide-Signal gesendet: page_3
2025-08-13 12:50:12,099 - BertrandtGUI - DEBUG - Slide-Signal gesendet: page_4
2025-08-13 12:50:12,099 - BertrandtGUI - DEBUG - Slide-Signal gesendet: page_4
2025-08-13 12:50:17,107 - BertrandtGUI - DEBUG - Slide-Signal gesendet: page_5
2025-08-13 12:50:17,109 - BertrandtGUI - DEBUG - Slide-Signal gesendet: page_5
2025-08-13 12:50:22,137 - BertrandtGUI - DEBUG - Slide-Signal gesendet: page_6
2025-08-13 12:50:22,138 - BertrandtGUI - DEBUG - Slide-Signal gesendet: page_6
2025-08-13 12:50:27,167 - BertrandtGUI - DEBUG - Slide-Signal gesendet: page_7
2025-08-13 12:50:27,167 - BertrandtGUI - DEBUG - Slide-Signal gesendet: page_7
2025-08-13 12:50:32,172 - BertrandtGUI - DEBUG - Slide-Signal gesendet: page_8
2025-08-13 12:50:32,173 - BertrandtGUI - DEBUG - Slide-Signal gesendet: page_8
2025-08-13 12:50:37,179 - BertrandtGUI - DEBUG - Slide-Signal gesendet: page_9
2025-08-13 12:50:37,180 - BertrandtGUI - DEBUG - Slide-Signal gesendet: page_9
2025-08-13 12:50:42,186 - BertrandtGUI - DEBUG - Slide-Signal gesendet: page_10
2025-08-13 12:50:42,188 - BertrandtGUI - DEBUG - Slide-Signal gesendet: page_10
2025-08-13 12:50:47,200 - BertrandtGUI - DEBUG - Slide-Signal gesendet: page_1
2025-08-13 12:50:47,201 - BertrandtGUI - DEBUG - Slide-Signal gesendet: page_1
2025-08-13 12:50:52,207 - BertrandtGUI - DEBUG - Slide-Signal gesendet: page_2
2025-08-13 12:50:52,207 - BertrandtGUI - DEBUG - Slide-Signal gesendet: page_2
2025-08-13 12:50:57,237 - BertrandtGUI - DEBUG - Slide-Signal gesendet: page_3
2025-08-13 12:50:57,240 - BertrandtGUI - DEBUG - Slide-Signal gesendet: page_3
2025-08-13 12:51:02,273 - BertrandtGUI - DEBUG - Slide-Signal gesendet: page_4
2025-08-13 12:51:02,273 - BertrandtGUI - DEBUG - Slide-Signal gesendet: page_4
2025-08-13 12:51:07,278 - BertrandtGUI - DEBUG - Slide-Signal gesendet: page_5
2025-08-13 12:51:07,279 - BertrandtGUI - DEBUG - Slide-Signal gesendet: page_5
2025-08-13 12:51:12,309 - BertrandtGUI - DEBUG - Slide-Signal gesendet: page_6
2025-08-13 12:51:12,310 - BertrandtGUI - DEBUG - Slide-Signal gesendet: page_6
2025-08-13 12:51:17,342 - BertrandtGUI - DEBUG - Slide-Signal gesendet: page_7
2025-08-13 12:51:17,343 - BertrandtGUI - DEBUG - Slide-Signal gesendet: page_7
2025-08-13 12:51:20,723 - BertrandtGUI - INFO - 🧹 Cleanup wird durchgeführt...
2025-08-13 12:51:20,723 - BertrandtGUI - INFO - 👋 Dynamic Messe Stand V4 beendet
2025-08-13 12:51:24,373 - BertrandtGUI - DEBUG - Slide 9 geladen
2025-08-13 12:51:24,373 - BertrandtGUI - DEBUG - Slide 8 geladen
2025-08-13 12:51:24,373 - BertrandtGUI - DEBUG - Slide 2 geladen
2025-08-13 12:51:24,373 - BertrandtGUI - DEBUG - Slide 4 geladen
2025-08-13 12:51:24,373 - BertrandtGUI - DEBUG - Slide 5 geladen
2025-08-13 12:51:24,373 - BertrandtGUI - DEBUG - Slide 6 geladen
2025-08-13 12:51:24,373 - BertrandtGUI - DEBUG - Slide 3 geladen
2025-08-13 12:51:24,373 - BertrandtGUI - DEBUG - Slide 7 geladen
2025-08-13 12:51:24,373 - BertrandtGUI - DEBUG - Slide 1 geladen
2025-08-13 12:51:24,374 - BertrandtGUI - DEBUG - Slide 10 geladen
2025-08-13 12:51:24,374 - BertrandtGUI - INFO - 10 Slides geladen
2025-08-13 12:51:24,387 - BertrandtGUI - INFO - 🚀 Dynamic Messe Stand V4 wird gestartet...
2025-08-13 12:51:24,387 - BertrandtGUI - INFO - Python Version: 3.12.3 (main, Jun 18 2025, 17:59:45) [GCC 13.3.0]
2025-08-13 12:51:24,387 - BertrandtGUI - INFO - Arbeitsverzeichnis: /home/messe_pc/Dynamic_Messe_Stand_V3/Dynamic_Messe_Stand_V4/Python_GUI
2025-08-13 12:51:24,387 - BertrandtGUI - INFO - 🔌 Hardware-Setup wird gestartet...
2025-08-13 12:51:24,387 - BertrandtGUI - ERROR - Fehler beim Verbinden mit ESP32-1: [Errno 2] could not open port /dev/ttyUSB0: [Errno 2] No such file or directory: '/dev/ttyUSB0'
2025-08-13 12:51:24,387 - BertrandtGUI - ERROR - Fehler beim Verbinden mit ESP32-2: [Errno 2] could not open port /dev/ttyUSB1: [Errno 2] No such file or directory: '/dev/ttyUSB1'
2025-08-13 12:51:24,387 - BertrandtGUI - ERROR - Fehler beim Verbinden mit ESP32-3: [Errno 2] could not open port /dev/ttyUSB2: [Errno 2] No such file or directory: '/dev/ttyUSB2'
2025-08-13 12:51:24,388 - BertrandtGUI - ERROR - Fehler beim Verbinden mit Arduino GIGA: [Errno 2] could not open port /dev/ttyACM0: [Errno 2] No such file or directory: '/dev/ttyACM0'
2025-08-13 12:51:24,388 - BertrandtGUI - INFO - esp32_1: ❌ Fehler
2025-08-13 12:51:24,388 - BertrandtGUI - INFO - esp32_2: ❌ Fehler
2025-08-13 12:51:24,388 - BertrandtGUI - INFO - esp32_3: ❌ Fehler
2025-08-13 12:51:24,388 - BertrandtGUI - INFO - giga: ❌ Fehler
2025-08-13 12:51:24,388 - BertrandtGUI - WARNING - ⚠️ Keine Hardware-Verbindungen erfolgreich - GUI startet trotzdem
2025-08-13 12:51:24,388 - BertrandtGUI - INFO - 🖥️ GUI wird initialisiert...
2025-08-13 12:51:24,388 - BertrandtGUI - INFO - 🚀 Starte Dynamic Messe Stand V4...
2025-08-13 12:51:24,606 - BertrandtGUI - DEBUG - Responsive Design: 1920x1080, Scale: 1.00
2025-08-13 12:51:24,660 - BertrandtGUI - INFO - Bertrandt Logo erfolgreich geladen
2025-08-13 12:51:24,732 - BertrandtGUI - DEBUG - Home-Tab angezeigt
2025-08-13 12:51:24,732 - BertrandtGUI - DEBUG - Tab gewechselt: home
2025-08-13 12:51:24,732 - BertrandtGUI - INFO - ✅ Dynamic Messe Stand V4 erfolgreich initialisiert!
2025-08-13 12:51:24,732 - BertrandtGUI - INFO - ✅ Dynamic Messe Stand V4 erfolgreich gestartet!
2025-08-13 12:51:24,732 - BertrandtGUI - INFO - 💡 Drücke F11 für Vollbild, ESC zum Verlassen
2025-08-13 12:51:24,732 - BertrandtGUI - INFO - GUI-Hauptschleife gestartet
2025-08-13 12:51:26,897 - BertrandtGUI - DEBUG - Home-Tab versteckt
2025-08-13 12:51:26,898 - BertrandtGUI - DEBUG - Demo-Tab angezeigt
2025-08-13 12:51:26,898 - BertrandtGUI - DEBUG - Header-Navigation aktualisiert: demo
2025-08-13 12:51:26,898 - BertrandtGUI - DEBUG - Tab gewechselt: demo
2025-08-13 12:51:27,809 - BertrandtGUI - DEBUG - Demo-Tab versteckt
2025-08-13 12:51:32,243 - BertrandtGUI - DEBUG - Vollbild deaktiviert
2025-08-13 12:51:37,763 - BertrandtGUI - DEBUG - Vollbild: aktiviert
2025-08-13 12:51:43,162 - BertrandtGUI - DEBUG - Slide 2 in PowerPoint-Editor geladen
2025-08-13 12:51:43,754 - BertrandtGUI - DEBUG - Slide 3 in PowerPoint-Editor geladen
2025-08-13 12:53:59,049 - BertrandtGUI - DEBUG - Vollbild deaktiviert
2025-08-13 12:54:01,051 - BertrandtGUI - INFO - 🧹 Cleanup wird durchgeführt...
2025-08-13 12:54:01,051 - BertrandtGUI - INFO - 👋 Dynamic Messe Stand V4 beendet
2025-08-13 12:54:02,450 - BertrandtGUI - DEBUG - Slide 9 geladen
2025-08-13 12:54:02,450 - BertrandtGUI - DEBUG - Slide 8 geladen
2025-08-13 12:54:02,450 - BertrandtGUI - DEBUG - Slide 2 geladen
2025-08-13 12:54:02,450 - BertrandtGUI - DEBUG - Slide 4 geladen
2025-08-13 12:54:02,450 - BertrandtGUI - DEBUG - Slide 5 geladen
2025-08-13 12:54:02,450 - BertrandtGUI - DEBUG - Slide 6 geladen
2025-08-13 12:54:02,450 - BertrandtGUI - DEBUG - Slide 3 geladen
2025-08-13 12:54:02,450 - BertrandtGUI - DEBUG - Slide 7 geladen
2025-08-13 12:54:02,450 - BertrandtGUI - DEBUG - Slide 1 geladen
2025-08-13 12:54:02,450 - BertrandtGUI - DEBUG - Slide 10 geladen
2025-08-13 12:54:02,450 - BertrandtGUI - INFO - 10 Slides geladen
2025-08-13 12:54:02,463 - BertrandtGUI - INFO - 🚀 Dynamic Messe Stand V4 wird gestartet...
2025-08-13 12:54:02,464 - BertrandtGUI - INFO - Python Version: 3.12.3 (main, Jun 18 2025, 17:59:45) [GCC 13.3.0]
2025-08-13 12:54:02,464 - BertrandtGUI - INFO - Arbeitsverzeichnis: /home/messe_pc/Dynamic_Messe_Stand_V3/Dynamic_Messe_Stand_V4/Python_GUI
2025-08-13 12:54:02,464 - BertrandtGUI - INFO - 🔌 Hardware-Setup wird gestartet...
2025-08-13 12:54:02,464 - BertrandtGUI - ERROR - Fehler beim Verbinden mit ESP32-1: [Errno 2] could not open port /dev/ttyUSB0: [Errno 2] No such file or directory: '/dev/ttyUSB0'
2025-08-13 12:54:02,464 - BertrandtGUI - ERROR - Fehler beim Verbinden mit ESP32-2: [Errno 2] could not open port /dev/ttyUSB1: [Errno 2] No such file or directory: '/dev/ttyUSB1'
2025-08-13 12:54:02,464 - BertrandtGUI - ERROR - Fehler beim Verbinden mit ESP32-3: [Errno 2] could not open port /dev/ttyUSB2: [Errno 2] No such file or directory: '/dev/ttyUSB2'
2025-08-13 12:54:02,464 - BertrandtGUI - ERROR - Fehler beim Verbinden mit Arduino GIGA: [Errno 2] could not open port /dev/ttyACM0: [Errno 2] No such file or directory: '/dev/ttyACM0'
2025-08-13 12:54:02,464 - BertrandtGUI - INFO - esp32_1: ❌ Fehler
2025-08-13 12:54:02,464 - BertrandtGUI - INFO - esp32_2: ❌ Fehler
2025-08-13 12:54:02,464 - BertrandtGUI - INFO - esp32_3: ❌ Fehler
2025-08-13 12:54:02,464 - BertrandtGUI - INFO - giga: ❌ Fehler
2025-08-13 12:54:02,464 - BertrandtGUI - WARNING - ⚠️ Keine Hardware-Verbindungen erfolgreich - GUI startet trotzdem
2025-08-13 12:54:02,464 - BertrandtGUI - INFO - 🖥️ GUI wird initialisiert...
2025-08-13 12:54:02,464 - BertrandtGUI - INFO - 🚀 Starte Dynamic Messe Stand V4...
2025-08-13 12:54:02,677 - BertrandtGUI - DEBUG - Responsive Design: 1920x1080, Scale: 1.00
2025-08-13 12:54:02,734 - BertrandtGUI - INFO - Bertrandt Logo erfolgreich geladen
2025-08-13 12:54:02,793 - BertrandtGUI - ERROR - 💥 Unerwarteter Fehler: 'DemoTab' object has no attribute 'current_slide_display'
2025-08-13 12:54:02,801 - BertrandtGUI - INFO - 🧹 Cleanup wird durchgeführt...
2025-08-13 12:54:02,801 - BertrandtGUI - INFO - 👋 Dynamic Messe Stand V4 beendet
2025-08-13 12:54:09,209 - BertrandtGUI - DEBUG - Slide 9 geladen
2025-08-13 12:54:09,209 - BertrandtGUI - DEBUG - Slide 8 geladen
2025-08-13 12:54:09,210 - BertrandtGUI - DEBUG - Slide 2 geladen
2025-08-13 12:54:09,210 - BertrandtGUI - DEBUG - Slide 4 geladen
2025-08-13 12:54:09,210 - BertrandtGUI - DEBUG - Slide 5 geladen
2025-08-13 12:54:09,210 - BertrandtGUI - DEBUG - Slide 6 geladen
2025-08-13 12:54:09,210 - BertrandtGUI - DEBUG - Slide 3 geladen
2025-08-13 12:54:09,210 - BertrandtGUI - DEBUG - Slide 7 geladen
2025-08-13 12:54:09,210 - BertrandtGUI - DEBUG - Slide 1 geladen
2025-08-13 12:54:09,210 - BertrandtGUI - DEBUG - Slide 10 geladen
2025-08-13 12:54:09,210 - BertrandtGUI - INFO - 10 Slides geladen
2025-08-13 12:54:09,215 - BertrandtGUI - INFO - 🚀 Dynamic Messe Stand V4 wird gestartet...
2025-08-13 12:54:09,215 - BertrandtGUI - INFO - Python Version: 3.12.3 (main, Jun 18 2025, 17:59:45) [GCC 13.3.0]
2025-08-13 12:54:09,215 - BertrandtGUI - INFO - Arbeitsverzeichnis: /home/messe_pc/Dynamic_Messe_Stand_V3/Dynamic_Messe_Stand_V4/Python_GUI
2025-08-13 12:54:09,215 - BertrandtGUI - INFO - 🔌 Hardware-Setup wird gestartet...
2025-08-13 12:54:09,215 - BertrandtGUI - ERROR - Fehler beim Verbinden mit ESP32-1: [Errno 2] could not open port /dev/ttyUSB0: [Errno 2] No such file or directory: '/dev/ttyUSB0'
2025-08-13 12:54:09,216 - BertrandtGUI - ERROR - Fehler beim Verbinden mit ESP32-2: [Errno 2] could not open port /dev/ttyUSB1: [Errno 2] No such file or directory: '/dev/ttyUSB1'
2025-08-13 12:54:09,216 - BertrandtGUI - ERROR - Fehler beim Verbinden mit ESP32-3: [Errno 2] could not open port /dev/ttyUSB2: [Errno 2] No such file or directory: '/dev/ttyUSB2'
2025-08-13 12:54:09,216 - BertrandtGUI - ERROR - Fehler beim Verbinden mit Arduino GIGA: [Errno 2] could not open port /dev/ttyACM0: [Errno 2] No such file or directory: '/dev/ttyACM0'
2025-08-13 12:54:09,216 - BertrandtGUI - INFO - esp32_1: ❌ Fehler
2025-08-13 12:54:09,216 - BertrandtGUI - INFO - esp32_2: ❌ Fehler
2025-08-13 12:54:09,216 - BertrandtGUI - INFO - esp32_3: ❌ Fehler
2025-08-13 12:54:09,216 - BertrandtGUI - INFO - giga: ❌ Fehler
2025-08-13 12:54:09,216 - BertrandtGUI - WARNING - ⚠️ Keine Hardware-Verbindungen erfolgreich - GUI startet trotzdem
2025-08-13 12:54:09,216 - BertrandtGUI - INFO - 🖥️ GUI wird initialisiert...
2025-08-13 12:54:09,216 - BertrandtGUI - INFO - 🚀 Starte Dynamic Messe Stand V4...
2025-08-13 12:54:09,423 - BertrandtGUI - DEBUG - Responsive Design: 1920x1080, Scale: 1.00
2025-08-13 12:54:09,478 - BertrandtGUI - INFO - Bertrandt Logo erfolgreich geladen
2025-08-13 12:54:09,541 - BertrandtGUI - ERROR - 💥 Unerwarteter Fehler: 'DemoTab' object has no attribute 'current_slide_display'
2025-08-13 12:54:09,547 - BertrandtGUI - INFO - 🧹 Cleanup wird durchgeführt...
2025-08-13 12:54:09,547 - BertrandtGUI - INFO - 👋 Dynamic Messe Stand V4 beendet
2025-08-13 12:54:12,697 - BertrandtGUI - DEBUG - Slide 9 geladen
2025-08-13 12:54:12,697 - BertrandtGUI - DEBUG - Slide 8 geladen
2025-08-13 12:54:12,698 - BertrandtGUI - DEBUG - Slide 2 geladen
2025-08-13 12:54:12,698 - BertrandtGUI - DEBUG - Slide 4 geladen
2025-08-13 12:54:12,698 - BertrandtGUI - DEBUG - Slide 5 geladen
2025-08-13 12:54:12,698 - BertrandtGUI - DEBUG - Slide 6 geladen
2025-08-13 12:54:12,698 - BertrandtGUI - DEBUG - Slide 3 geladen
2025-08-13 12:54:12,698 - BertrandtGUI - DEBUG - Slide 7 geladen
2025-08-13 12:54:12,698 - BertrandtGUI - DEBUG - Slide 1 geladen
2025-08-13 12:54:12,698 - BertrandtGUI - DEBUG - Slide 10 geladen
2025-08-13 12:54:12,698 - BertrandtGUI - INFO - 10 Slides geladen
2025-08-13 12:54:12,703 - BertrandtGUI - INFO - 🚀 Dynamic Messe Stand V4 wird gestartet...
2025-08-13 12:54:12,703 - BertrandtGUI - INFO - Python Version: 3.12.3 (main, Jun 18 2025, 17:59:45) [GCC 13.3.0]
2025-08-13 12:54:12,703 - BertrandtGUI - INFO - Arbeitsverzeichnis: /home/messe_pc/Dynamic_Messe_Stand_V3/Dynamic_Messe_Stand_V4/Python_GUI
2025-08-13 12:54:12,703 - BertrandtGUI - INFO - 🔌 Hardware-Setup wird gestartet...
2025-08-13 12:54:12,703 - BertrandtGUI - ERROR - Fehler beim Verbinden mit ESP32-1: [Errno 2] could not open port /dev/ttyUSB0: [Errno 2] No such file or directory: '/dev/ttyUSB0'
2025-08-13 12:54:12,703 - BertrandtGUI - ERROR - Fehler beim Verbinden mit ESP32-2: [Errno 2] could not open port /dev/ttyUSB1: [Errno 2] No such file or directory: '/dev/ttyUSB1'
2025-08-13 12:54:12,703 - BertrandtGUI - ERROR - Fehler beim Verbinden mit ESP32-3: [Errno 2] could not open port /dev/ttyUSB2: [Errno 2] No such file or directory: '/dev/ttyUSB2'
2025-08-13 12:54:12,703 - BertrandtGUI - ERROR - Fehler beim Verbinden mit Arduino GIGA: [Errno 2] could not open port /dev/ttyACM0: [Errno 2] No such file or directory: '/dev/ttyACM0'
2025-08-13 12:54:12,704 - BertrandtGUI - INFO - esp32_1: ❌ Fehler
2025-08-13 12:54:12,704 - BertrandtGUI - INFO - esp32_2: ❌ Fehler
2025-08-13 12:54:12,704 - BertrandtGUI - INFO - esp32_3: ❌ Fehler
2025-08-13 12:54:12,704 - BertrandtGUI - INFO - giga: ❌ Fehler
2025-08-13 12:54:12,704 - BertrandtGUI - WARNING - ⚠️ Keine Hardware-Verbindungen erfolgreich - GUI startet trotzdem
2025-08-13 12:54:12,704 - BertrandtGUI - INFO - 🖥️ GUI wird initialisiert...
2025-08-13 12:54:12,704 - BertrandtGUI - INFO - 🚀 Starte Dynamic Messe Stand V4...
2025-08-13 12:54:12,920 - BertrandtGUI - DEBUG - Responsive Design: 1920x1080, Scale: 1.00
2025-08-13 12:54:12,984 - BertrandtGUI - INFO - Bertrandt Logo erfolgreich geladen
2025-08-13 12:54:13,045 - BertrandtGUI - ERROR - 💥 Unerwarteter Fehler: 'DemoTab' object has no attribute 'current_slide_display'
2025-08-13 12:54:13,051 - BertrandtGUI - INFO - 🧹 Cleanup wird durchgeführt...
2025-08-13 12:54:13,051 - BertrandtGUI - INFO - 👋 Dynamic Messe Stand V4 beendet
2025-08-13 12:55:07,946 - BertrandtGUI - DEBUG - Slide 9 geladen
2025-08-13 12:55:07,946 - BertrandtGUI - DEBUG - Slide 8 geladen
2025-08-13 12:55:07,946 - BertrandtGUI - DEBUG - Slide 2 geladen
2025-08-13 12:55:07,946 - BertrandtGUI - DEBUG - Slide 4 geladen
2025-08-13 12:55:07,946 - BertrandtGUI - DEBUG - Slide 5 geladen
2025-08-13 12:55:07,946 - BertrandtGUI - DEBUG - Slide 6 geladen
2025-08-13 12:55:07,946 - BertrandtGUI - DEBUG - Slide 3 geladen
2025-08-13 12:55:07,947 - BertrandtGUI - DEBUG - Slide 7 geladen
2025-08-13 12:55:07,947 - BertrandtGUI - DEBUG - Slide 1 geladen
2025-08-13 12:55:07,947 - BertrandtGUI - DEBUG - Slide 10 geladen
2025-08-13 12:55:07,947 - BertrandtGUI - INFO - 10 Slides geladen
2025-08-13 12:55:07,960 - BertrandtGUI - INFO - 🚀 Dynamic Messe Stand V4 wird gestartet...
2025-08-13 12:55:07,960 - BertrandtGUI - INFO - Python Version: 3.12.3 (main, Jun 18 2025, 17:59:45) [GCC 13.3.0]
2025-08-13 12:55:07,960 - BertrandtGUI - INFO - Arbeitsverzeichnis: /home/messe_pc/Dynamic_Messe_Stand_V3/Dynamic_Messe_Stand_V4/Python_GUI
2025-08-13 12:55:07,960 - BertrandtGUI - INFO - 🔌 Hardware-Setup wird gestartet...
2025-08-13 12:55:07,960 - BertrandtGUI - ERROR - Fehler beim Verbinden mit ESP32-1: [Errno 2] could not open port /dev/ttyUSB0: [Errno 2] No such file or directory: '/dev/ttyUSB0'
2025-08-13 12:55:07,961 - BertrandtGUI - ERROR - Fehler beim Verbinden mit ESP32-2: [Errno 2] could not open port /dev/ttyUSB1: [Errno 2] No such file or directory: '/dev/ttyUSB1'
2025-08-13 12:55:07,961 - BertrandtGUI - ERROR - Fehler beim Verbinden mit ESP32-3: [Errno 2] could not open port /dev/ttyUSB2: [Errno 2] No such file or directory: '/dev/ttyUSB2'
2025-08-13 12:55:07,961 - BertrandtGUI - ERROR - Fehler beim Verbinden mit Arduino GIGA: [Errno 2] could not open port /dev/ttyACM0: [Errno 2] No such file or directory: '/dev/ttyACM0'
2025-08-13 12:55:07,961 - BertrandtGUI - INFO - esp32_1: ❌ Fehler
2025-08-13 12:55:07,961 - BertrandtGUI - INFO - esp32_2: ❌ Fehler
2025-08-13 12:55:07,961 - BertrandtGUI - INFO - esp32_3: ❌ Fehler
2025-08-13 12:55:07,961 - BertrandtGUI - INFO - giga: ❌ Fehler
2025-08-13 12:55:07,961 - BertrandtGUI - WARNING - ⚠️ Keine Hardware-Verbindungen erfolgreich - GUI startet trotzdem
2025-08-13 12:55:07,961 - BertrandtGUI - INFO - 🖥️ GUI wird initialisiert...
2025-08-13 12:55:07,961 - BertrandtGUI - INFO - 🚀 Starte Dynamic Messe Stand V4...
2025-08-13 12:55:08,168 - BertrandtGUI - DEBUG - Responsive Design: 1920x1080, Scale: 1.00
2025-08-13 12:55:08,229 - BertrandtGUI - INFO - Bertrandt Logo erfolgreich geladen
2025-08-13 12:55:08,315 - BertrandtGUI - DEBUG - Home-Tab angezeigt
2025-08-13 12:55:08,315 - BertrandtGUI - DEBUG - Tab gewechselt: home
2025-08-13 12:55:08,315 - BertrandtGUI - INFO - ✅ Dynamic Messe Stand V4 erfolgreich initialisiert!
2025-08-13 12:55:08,315 - BertrandtGUI - INFO - ✅ Dynamic Messe Stand V4 erfolgreich gestartet!
2025-08-13 12:55:08,315 - BertrandtGUI - INFO - 💡 Drücke F11 für Vollbild, ESC zum Verlassen
2025-08-13 12:55:08,315 - BertrandtGUI - INFO - GUI-Hauptschleife gestartet
2025-08-13 12:55:11,496 - BertrandtGUI - DEBUG - Home-Tab versteckt
2025-08-13 12:55:11,496 - BertrandtGUI - DEBUG - Demo-Tab angezeigt
2025-08-13 12:55:11,496 - BertrandtGUI - DEBUG - Header-Navigation aktualisiert: demo
2025-08-13 12:55:11,496 - BertrandtGUI - DEBUG - Tab gewechselt: demo
2025-08-13 12:55:14,432 - BertrandtGUI - DEBUG - Demo-Tab versteckt
2025-08-13 12:55:16,136 - BertrandtGUI - DEBUG - Demo-Tab angezeigt
2025-08-13 12:55:16,136 - BertrandtGUI - DEBUG - Tab gewechselt: demo
2025-08-13 12:55:16,783 - BertrandtGUI - DEBUG - Demo-Tab versteckt
2025-08-13 12:55:16,784 - BertrandtGUI - DEBUG - Demo-Tab angezeigt
2025-08-13 12:55:16,784 - BertrandtGUI - DEBUG - Tab gewechselt: demo
2025-08-13 12:55:17,367 - BertrandtGUI - DEBUG - Demo-Tab versteckt
2025-08-13 12:55:17,368 - BertrandtGUI - DEBUG - Header-Navigation aktualisiert: creator
2025-08-13 12:55:17,368 - BertrandtGUI - DEBUG - Tab gewechselt: creator
2025-08-13 12:55:18,040 - BertrandtGUI - DEBUG - Creator-Tab versteckt
2025-08-13 12:55:18,040 - BertrandtGUI - DEBUG - Demo-Tab angezeigt
2025-08-13 12:55:18,040 - BertrandtGUI - DEBUG - Header-Navigation aktualisiert: demo
2025-08-13 12:55:18,040 - BertrandtGUI - DEBUG - Tab gewechselt: demo
2025-08-13 12:55:18,815 - BertrandtGUI - DEBUG - Demo-Tab versteckt
2025-08-13 12:55:19,903 - BertrandtGUI - DEBUG - Demo-Tab angezeigt
2025-08-13 12:55:19,904 - BertrandtGUI - DEBUG - Tab gewechselt: demo
2025-08-13 12:55:20,663 - BertrandtGUI - DEBUG - Demo-Tab versteckt
2025-08-13 12:55:20,664 - BertrandtGUI - DEBUG - Demo-Tab angezeigt
2025-08-13 12:55:20,664 - BertrandtGUI - DEBUG - Tab gewechselt: demo
2025-08-13 12:55:21,183 - BertrandtGUI - DEBUG - Demo-Tab versteckt
2025-08-13 12:55:21,184 - BertrandtGUI - DEBUG - Demo-Tab angezeigt
2025-08-13 12:55:21,184 - BertrandtGUI - DEBUG - Tab gewechselt: demo
2025-08-13 12:55:21,607 - BertrandtGUI - DEBUG - Demo-Tab versteckt
2025-08-13 12:55:21,608 - BertrandtGUI - DEBUG - Demo-Tab angezeigt
2025-08-13 12:55:21,608 - BertrandtGUI - DEBUG - Tab gewechselt: demo
2025-08-13 12:55:22,192 - BertrandtGUI - DEBUG - Demo-Tab versteckt
2025-08-13 12:55:22,192 - BertrandtGUI - DEBUG - Header-Navigation aktualisiert: creator
2025-08-13 12:55:22,192 - BertrandtGUI - DEBUG - Tab gewechselt: creator
2025-08-13 12:55:23,024 - BertrandtGUI - DEBUG - Creator-Tab versteckt
2025-08-13 12:55:23,024 - BertrandtGUI - DEBUG - Demo-Tab angezeigt
2025-08-13 12:55:23,024 - BertrandtGUI - DEBUG - Header-Navigation aktualisiert: demo
2025-08-13 12:55:23,024 - BertrandtGUI - DEBUG - Tab gewechselt: demo
2025-08-13 12:55:25,063 - BertrandtGUI - DEBUG - Slide-Signal gesendet: page_3
2025-08-13 12:55:25,736 - BertrandtGUI - DEBUG - Slide-Signal gesendet: page_2
2025-08-13 12:55:27,071 - BertrandtGUI - DEBUG - Slide-Signal gesendet: page_4
2025-08-13 12:55:28,319 - BertrandtGUI - INFO - Slide-Dauer geändert: 5s
2025-08-13 12:55:28,320 - BertrandtGUI - INFO - Loop-Modus: aktiviert
2025-08-13 12:55:28,320 - BertrandtGUI - DEBUG - Slide-Signal gesendet: page_1
2025-08-13 12:55:28,320 - BertrandtGUI - INFO - Demo gestartet - Slide 1, 5s pro Slide
2025-08-13 12:55:33,142 - BertrandtGUI - INFO - Demo gestoppt
2025-08-13 12:55:34,087 - BertrandtGUI - INFO - Slide-Dauer geändert: 5s
2025-08-13 12:55:34,088 - BertrandtGUI - INFO - Loop-Modus: aktiviert
2025-08-13 12:55:34,088 - BertrandtGUI - DEBUG - Slide-Signal gesendet: page_1
2025-08-13 12:55:34,088 - BertrandtGUI - INFO - Demo gestartet - Slide 1, 5s pro Slide
2025-08-13 12:55:35,063 - BertrandtGUI - DEBUG - Demo-Tab versteckt
2025-08-13 12:55:36,039 - BertrandtGUI - DEBUG - Presentation-Tab angezeigt
2025-08-13 12:55:36,040 - BertrandtGUI - DEBUG - Header-Navigation aktualisiert: presentation
2025-08-13 12:55:36,040 - BertrandtGUI - DEBUG - Tab gewechselt: presentation
2025-08-13 12:55:37,447 - BertrandtGUI - DEBUG - Presentation-Tab versteckt
2025-08-13 12:55:37,448 - BertrandtGUI - DEBUG - Presentation-Tab angezeigt
2025-08-13 12:55:37,448 - BertrandtGUI - DEBUG - Tab gewechselt: presentation
2025-08-13 12:55:37,903 - BertrandtGUI - DEBUG - Presentation-Tab versteckt
2025-08-13 12:55:37,904 - BertrandtGUI - DEBUG - Presentation-Tab angezeigt
2025-08-13 12:55:37,904 - BertrandtGUI - DEBUG - Tab gewechselt: presentation
2025-08-13 12:55:38,463 - BertrandtGUI - DEBUG - Presentation-Tab versteckt
2025-08-13 12:55:38,463 - BertrandtGUI - DEBUG - Header-Navigation aktualisiert: creator
2025-08-13 12:55:38,463 - BertrandtGUI - DEBUG - Tab gewechselt: creator
2025-08-13 12:55:38,967 - BertrandtGUI - DEBUG - Creator-Tab versteckt
2025-08-13 12:55:38,968 - BertrandtGUI - DEBUG - Presentation-Tab angezeigt
2025-08-13 12:55:38,968 - BertrandtGUI - DEBUG - Header-Navigation aktualisiert: presentation
2025-08-13 12:55:38,968 - BertrandtGUI - DEBUG - Tab gewechselt: presentation
2025-08-13 12:55:39,108 - BertrandtGUI - DEBUG - Slide-Signal gesendet: page_2
2025-08-13 12:55:39,109 - BertrandtGUI - DEBUG - Slide-Signal gesendet: page_2
2025-08-13 12:55:39,967 - BertrandtGUI - DEBUG - Presentation-Tab versteckt
2025-08-13 12:55:39,968 - BertrandtGUI - DEBUG - Presentation-Tab angezeigt
2025-08-13 12:55:39,968 - BertrandtGUI - DEBUG - Tab gewechselt: presentation
2025-08-13 12:55:44,115 - BertrandtGUI - DEBUG - Slide-Signal gesendet: page_3
2025-08-13 12:55:44,117 - BertrandtGUI - DEBUG - Slide-Signal gesendet: page_3
2025-08-13 12:55:49,147 - BertrandtGUI - DEBUG - Slide-Signal gesendet: page_4
2025-08-13 12:55:49,149 - BertrandtGUI - DEBUG - Slide-Signal gesendet: page_4
2025-08-13 12:55:52,201 - BertrandtGUI - DEBUG - Vollbild deaktiviert
2025-08-13 12:55:53,961 - BertrandtGUI - INFO - 🧹 Cleanup wird durchgeführt...
2025-08-13 12:55:53,961 - BertrandtGUI - INFO - 👋 Dynamic Messe Stand V4 beendet
2025-08-13 13:00:41,068 - BertrandtGUI - DEBUG - Slide 9 geladen
2025-08-13 13:00:41,069 - BertrandtGUI - DEBUG - Slide 8 geladen
2025-08-13 13:00:41,069 - BertrandtGUI - DEBUG - Slide 2 geladen
2025-08-13 13:00:41,069 - BertrandtGUI - DEBUG - Slide 4 geladen
2025-08-13 13:00:41,069 - BertrandtGUI - DEBUG - Slide 5 geladen
2025-08-13 13:00:41,069 - BertrandtGUI - DEBUG - Slide 6 geladen
2025-08-13 13:00:41,069 - BertrandtGUI - DEBUG - Slide 3 geladen
2025-08-13 13:00:41,069 - BertrandtGUI - DEBUG - Slide 7 geladen
2025-08-13 13:00:41,069 - BertrandtGUI - DEBUG - Slide 1 geladen
2025-08-13 13:00:41,069 - BertrandtGUI - DEBUG - Slide 10 geladen
2025-08-13 13:00:41,069 - BertrandtGUI - INFO - 10 Slides geladen
2025-08-13 13:00:41,087 - BertrandtGUI - INFO - 🚀 Dynamic Messe Stand V4 wird gestartet...
2025-08-13 13:00:41,087 - BertrandtGUI - INFO - Python Version: 3.12.3 (main, Jun 18 2025, 17:59:45) [GCC 13.3.0]
2025-08-13 13:00:41,087 - BertrandtGUI - INFO - Arbeitsverzeichnis: /home/messe_pc/Dynamic_Messe_Stand_V3/Dynamic_Messe_Stand_V4/Python_GUI
2025-08-13 13:00:41,087 - BertrandtGUI - INFO - 🔌 Hardware-Setup wird gestartet...
2025-08-13 13:00:41,087 - BertrandtGUI - ERROR - Fehler beim Verbinden mit ESP32-1: [Errno 2] could not open port /dev/ttyUSB0: [Errno 2] No such file or directory: '/dev/ttyUSB0'
2025-08-13 13:00:41,087 - BertrandtGUI - ERROR - Fehler beim Verbinden mit ESP32-2: [Errno 2] could not open port /dev/ttyUSB1: [Errno 2] No such file or directory: '/dev/ttyUSB1'
2025-08-13 13:00:41,087 - BertrandtGUI - ERROR - Fehler beim Verbinden mit ESP32-3: [Errno 2] could not open port /dev/ttyUSB2: [Errno 2] No such file or directory: '/dev/ttyUSB2'
2025-08-13 13:00:41,087 - BertrandtGUI - ERROR - Fehler beim Verbinden mit Arduino GIGA: [Errno 2] could not open port /dev/ttyACM0: [Errno 2] No such file or directory: '/dev/ttyACM0'
2025-08-13 13:00:41,087 - BertrandtGUI - INFO - esp32_1: ❌ Fehler
2025-08-13 13:00:41,088 - BertrandtGUI - INFO - esp32_2: ❌ Fehler
2025-08-13 13:00:41,088 - BertrandtGUI - INFO - esp32_3: ❌ Fehler
2025-08-13 13:00:41,088 - BertrandtGUI - INFO - giga: ❌ Fehler
2025-08-13 13:00:41,088 - BertrandtGUI - WARNING - ⚠️ Keine Hardware-Verbindungen erfolgreich - GUI startet trotzdem
2025-08-13 13:00:41,088 - BertrandtGUI - INFO - 🖥️ GUI wird initialisiert...
2025-08-13 13:00:41,088 - BertrandtGUI - INFO - 🚀 Starte Dynamic Messe Stand V4...
2025-08-13 13:00:41,279 - BertrandtGUI - INFO - Primärer Monitor: 1920x1080 bei (0, 120)
2025-08-13 13:00:41,279 - BertrandtGUI - INFO - Hauptmonitor erkannt: 1920x1080 bei (0, 120)
2025-08-13 13:00:41,280 - BertrandtGUI - DEBUG - Responsive Design: 1920x1080, Scale: 1.00
2025-08-13 13:00:41,350 - BertrandtGUI - INFO - Bertrandt Logo erfolgreich geladen
2025-08-13 13:00:41,432 - BertrandtGUI - DEBUG - Home-Tab angezeigt
2025-08-13 13:00:41,432 - BertrandtGUI - DEBUG - Tab gewechselt: home
2025-08-13 13:00:41,432 - BertrandtGUI - INFO - ✅ Dynamic Messe Stand V4 erfolgreich initialisiert!
2025-08-13 13:00:41,433 - BertrandtGUI - INFO - ✅ Dynamic Messe Stand V4 erfolgreich gestartet!
2025-08-13 13:00:41,433 - BertrandtGUI - INFO - 💡 Drücke F11 für Vollbild, ESC zum Verlassen
2025-08-13 13:00:41,433 - BertrandtGUI - INFO - GUI-Hauptschleife gestartet
2025-08-13 13:00:46,126 - BertrandtGUI - DEBUG - Home-Tab versteckt
2025-08-13 13:00:46,127 - BertrandtGUI - DEBUG - Demo-Tab angezeigt
2025-08-13 13:00:46,127 - BertrandtGUI - DEBUG - Header-Navigation aktualisiert: demo
2025-08-13 13:00:46,127 - BertrandtGUI - DEBUG - Tab gewechselt: demo
2025-08-13 13:00:49,510 - BertrandtGUI - DEBUG - Demo-Tab versteckt
2025-08-13 13:00:49,521 - BertrandtGUI - DEBUG - Creator-Tab angezeigt
2025-08-13 13:00:49,521 - BertrandtGUI - DEBUG - Header-Navigation aktualisiert: creator
2025-08-13 13:00:49,521 - BertrandtGUI - DEBUG - Tab gewechselt: creator
2025-08-13 13:02:52,561 - BertrandtGUI - DEBUG - Vollbild deaktiviert - bleibt auf Hauptmonitor
2025-08-13 13:02:54,522 - BertrandtGUI - INFO - 🧹 Cleanup wird durchgeführt...
2025-08-13 13:02:54,522 - BertrandtGUI - INFO - 👋 Dynamic Messe Stand V4 beendet
2025-08-13 13:02:56,440 - BertrandtGUI - DEBUG - Slide 9 geladen
2025-08-13 13:02:56,440 - BertrandtGUI - DEBUG - Slide 8 geladen
2025-08-13 13:02:56,440 - BertrandtGUI - DEBUG - Slide 2 geladen
2025-08-13 13:02:56,440 - BertrandtGUI - DEBUG - Slide 4 geladen
2025-08-13 13:02:56,441 - BertrandtGUI - DEBUG - Slide 5 geladen
2025-08-13 13:02:56,441 - BertrandtGUI - DEBUG - Slide 6 geladen
2025-08-13 13:02:56,441 - BertrandtGUI - DEBUG - Slide 3 geladen
2025-08-13 13:02:56,441 - BertrandtGUI - DEBUG - Slide 7 geladen
2025-08-13 13:02:56,441 - BertrandtGUI - DEBUG - Slide 1 geladen
2025-08-13 13:02:56,441 - BertrandtGUI - DEBUG - Slide 10 geladen
2025-08-13 13:02:56,441 - BertrandtGUI - INFO - 10 Slides geladen
2025-08-13 13:02:56,446 - BertrandtGUI - INFO - 🚀 Dynamic Messe Stand V4 wird gestartet...
2025-08-13 13:02:56,446 - BertrandtGUI - INFO - Python Version: 3.12.3 (main, Jun 18 2025, 17:59:45) [GCC 13.3.0]
2025-08-13 13:02:56,446 - BertrandtGUI - INFO - Arbeitsverzeichnis: /home/messe_pc/Dynamic_Messe_Stand_V3/Dynamic_Messe_Stand_V4/Python_GUI
2025-08-13 13:02:56,446 - BertrandtGUI - INFO - 🔌 Hardware-Setup wird gestartet...
2025-08-13 13:02:56,446 - BertrandtGUI - ERROR - Fehler beim Verbinden mit ESP32-1: [Errno 2] could not open port /dev/ttyUSB0: [Errno 2] No such file or directory: '/dev/ttyUSB0'
2025-08-13 13:02:56,446 - BertrandtGUI - ERROR - Fehler beim Verbinden mit ESP32-2: [Errno 2] could not open port /dev/ttyUSB1: [Errno 2] No such file or directory: '/dev/ttyUSB1'
2025-08-13 13:02:56,446 - BertrandtGUI - ERROR - Fehler beim Verbinden mit ESP32-3: [Errno 2] could not open port /dev/ttyUSB2: [Errno 2] No such file or directory: '/dev/ttyUSB2'
2025-08-13 13:02:56,446 - BertrandtGUI - ERROR - Fehler beim Verbinden mit Arduino GIGA: [Errno 2] could not open port /dev/ttyACM0: [Errno 2] No such file or directory: '/dev/ttyACM0'
2025-08-13 13:02:56,446 - BertrandtGUI - INFO - esp32_1: ❌ Fehler
2025-08-13 13:02:56,446 - BertrandtGUI - INFO - esp32_2: ❌ Fehler
2025-08-13 13:02:56,447 - BertrandtGUI - INFO - esp32_3: ❌ Fehler
2025-08-13 13:02:56,447 - BertrandtGUI - INFO - giga: ❌ Fehler
2025-08-13 13:02:56,447 - BertrandtGUI - WARNING - ⚠️ Keine Hardware-Verbindungen erfolgreich - GUI startet trotzdem
2025-08-13 13:02:56,447 - BertrandtGUI - INFO - 🖥️ GUI wird initialisiert...
2025-08-13 13:02:56,447 - BertrandtGUI - INFO - 🚀 Starte Dynamic Messe Stand V4...
2025-08-13 13:02:56,664 - BertrandtGUI - INFO - Primärer Monitor: 1920x1080 bei (0, 120)
2025-08-13 13:02:56,664 - BertrandtGUI - INFO - Hauptmonitor erkannt: 1920x1080 bei (0, 120)
2025-08-13 13:02:56,665 - BertrandtGUI - DEBUG - Responsive Design: 1920x1080, Scale: 1.00
2025-08-13 13:02:56,759 - BertrandtGUI - INFO - Bertrandt Logo erfolgreich geladen
2025-08-13 13:02:56,832 - BertrandtGUI - DEBUG - Home-Tab angezeigt
2025-08-13 13:02:56,832 - BertrandtGUI - DEBUG - Tab gewechselt: home
2025-08-13 13:02:56,832 - BertrandtGUI - INFO - ✅ Dynamic Messe Stand V4 erfolgreich initialisiert!
2025-08-13 13:02:56,832 - BertrandtGUI - INFO - ✅ Dynamic Messe Stand V4 erfolgreich gestartet!
2025-08-13 13:02:56,832 - BertrandtGUI - INFO - 💡 Drücke F11 für Vollbild, ESC zum Verlassen
2025-08-13 13:02:56,832 - BertrandtGUI - INFO - GUI-Hauptschleife gestartet
2025-08-13 13:02:59,302 - BertrandtGUI - DEBUG - Home-Tab versteckt
2025-08-13 13:02:59,302 - BertrandtGUI - DEBUG - Demo-Tab angezeigt
2025-08-13 13:02:59,302 - BertrandtGUI - DEBUG - Header-Navigation aktualisiert: demo
2025-08-13 13:02:59,302 - BertrandtGUI - DEBUG - Tab gewechselt: demo
2025-08-13 13:03:00,822 - BertrandtGUI - DEBUG - Demo-Tab versteckt
2025-08-13 13:03:00,828 - BertrandtGUI - DEBUG - Creator-Tab angezeigt
2025-08-13 13:03:00,828 - BertrandtGUI - DEBUG - Header-Navigation aktualisiert: creator
2025-08-13 13:03:00,828 - BertrandtGUI - DEBUG - Tab gewechselt: creator
2025-08-13 13:03:01,710 - BertrandtGUI - DEBUG - Creator-Tab versteckt
2025-08-13 13:03:01,711 - BertrandtGUI - DEBUG - Demo-Tab angezeigt
2025-08-13 13:03:01,711 - BertrandtGUI - DEBUG - Header-Navigation aktualisiert: demo
2025-08-13 13:03:01,711 - BertrandtGUI - DEBUG - Tab gewechselt: demo
2025-08-13 13:03:08,446 - BertrandtGUI - DEBUG - Demo-Tab versteckt
2025-08-13 13:03:08,454 - BertrandtGUI - DEBUG - Creator-Tab angezeigt
2025-08-13 13:03:08,454 - BertrandtGUI - DEBUG - Header-Navigation aktualisiert: creator
2025-08-13 13:03:08,454 - BertrandtGUI - DEBUG - Tab gewechselt: creator
2025-08-13 13:03:12,814 - BertrandtGUI - DEBUG - Creator-Tab versteckt
2025-08-13 13:03:12,814 - BertrandtGUI - DEBUG - Home-Tab angezeigt
2025-08-13 13:03:12,814 - BertrandtGUI - DEBUG - Header-Navigation aktualisiert: home
2025-08-13 13:03:12,814 - BertrandtGUI - DEBUG - Tab gewechselt: home
2025-08-13 13:03:21,198 - BertrandtGUI - DEBUG - Home-Tab versteckt
2025-08-13 13:03:21,198 - BertrandtGUI - DEBUG - Presentation-Tab angezeigt
2025-08-13 13:03:21,198 - BertrandtGUI - DEBUG - Header-Navigation aktualisiert: presentation
2025-08-13 13:03:21,198 - BertrandtGUI - DEBUG - Tab gewechselt: presentation
2025-08-13 13:03:22,958 - BertrandtGUI - INFO - Zu Slide 8 gewechselt
2025-08-13 13:03:23,814 - BertrandtGUI - INFO - Zu Slide 7 gewechselt
2025-08-13 13:03:24,686 - BertrandtGUI - INFO - Zu Slide 4 gewechselt
2025-08-13 13:03:25,110 - BertrandtGUI - INFO - Zu Slide 3 gewechselt
2025-08-13 13:03:26,350 - BertrandtGUI - INFO - Zu Slide 4 gewechselt
2025-08-13 13:03:26,870 - BertrandtGUI - INFO - Zu Slide 5 gewechselt
2025-08-13 13:03:28,294 - BertrandtGUI - DEBUG - Presentation-Tab versteckt
2025-08-13 13:03:28,294 - BertrandtGUI - DEBUG - Demo-Tab angezeigt
2025-08-13 13:03:28,294 - BertrandtGUI - DEBUG - Header-Navigation aktualisiert: demo
2025-08-13 13:03:28,294 - BertrandtGUI - DEBUG - Tab gewechselt: demo
2025-08-13 13:04:41,416 - BertrandtGUI - DEBUG - Vollbild deaktiviert - bleibt auf Hauptmonitor
2025-08-13 13:04:47,022 - BertrandtGUI - DEBUG - Slide-Signal gesendet: page_2
2025-08-13 13:04:49,363 - BertrandtGUI - INFO - 🧹 Cleanup wird durchgeführt...
2025-08-13 13:04:49,364 - BertrandtGUI - INFO - 👋 Dynamic Messe Stand V4 beendet
2025-08-13 13:05:13,619 - BertrandtGUI - DEBUG - Slide 9 geladen
2025-08-13 13:05:13,619 - BertrandtGUI - DEBUG - Slide 8 geladen
2025-08-13 13:05:13,619 - BertrandtGUI - DEBUG - Slide 2 geladen
2025-08-13 13:05:13,619 - BertrandtGUI - DEBUG - Slide 4 geladen
2025-08-13 13:05:13,619 - BertrandtGUI - DEBUG - Slide 5 geladen
2025-08-13 13:05:13,619 - BertrandtGUI - DEBUG - Slide 6 geladen
2025-08-13 13:05:13,619 - BertrandtGUI - DEBUG - Slide 3 geladen
2025-08-13 13:05:13,619 - BertrandtGUI - DEBUG - Slide 7 geladen
2025-08-13 13:05:13,619 - BertrandtGUI - DEBUG - Slide 1 geladen
2025-08-13 13:05:13,620 - BertrandtGUI - DEBUG - Slide 10 geladen
2025-08-13 13:05:13,620 - BertrandtGUI - INFO - 10 Slides geladen
2025-08-13 13:05:13,639 - BertrandtGUI - INFO - 🚀 Dynamic Messe Stand V4 wird gestartet...
2025-08-13 13:05:13,639 - BertrandtGUI - INFO - Python Version: 3.12.3 (main, Jun 18 2025, 17:59:45) [GCC 13.3.0]
2025-08-13 13:05:13,640 - BertrandtGUI - INFO - Arbeitsverzeichnis: /home/messe_pc/Dynamic_Messe_Stand_V3/Dynamic_Messe_Stand_V4/Python_GUI
2025-08-13 13:05:13,640 - BertrandtGUI - INFO - 🔌 Hardware-Setup wird gestartet...
2025-08-13 13:05:13,640 - BertrandtGUI - ERROR - Fehler beim Verbinden mit ESP32-1: [Errno 2] could not open port /dev/ttyUSB0: [Errno 2] No such file or directory: '/dev/ttyUSB0'
2025-08-13 13:05:13,640 - BertrandtGUI - ERROR - Fehler beim Verbinden mit ESP32-2: [Errno 2] could not open port /dev/ttyUSB1: [Errno 2] No such file or directory: '/dev/ttyUSB1'
2025-08-13 13:05:13,640 - BertrandtGUI - ERROR - Fehler beim Verbinden mit ESP32-3: [Errno 2] could not open port /dev/ttyUSB2: [Errno 2] No such file or directory: '/dev/ttyUSB2'
2025-08-13 13:05:13,640 - BertrandtGUI - ERROR - Fehler beim Verbinden mit Arduino GIGA: [Errno 2] could not open port /dev/ttyACM0: [Errno 2] No such file or directory: '/dev/ttyACM0'
2025-08-13 13:05:13,640 - BertrandtGUI - INFO - esp32_1: ❌ Fehler
2025-08-13 13:05:13,640 - BertrandtGUI - INFO - esp32_2: ❌ Fehler
2025-08-13 13:05:13,640 - BertrandtGUI - INFO - esp32_3: ❌ Fehler
2025-08-13 13:05:13,640 - BertrandtGUI - INFO - giga: ❌ Fehler
2025-08-13 13:05:13,640 - BertrandtGUI - WARNING - ⚠️ Keine Hardware-Verbindungen erfolgreich - GUI startet trotzdem
2025-08-13 13:05:13,640 - BertrandtGUI - INFO - 🖥️ GUI wird initialisiert...
2025-08-13 13:05:13,640 - BertrandtGUI - INFO - 🚀 Starte Dynamic Messe Stand V4...
2025-08-13 13:05:13,856 - BertrandtGUI - INFO - Primärer Monitor: 1920x1080 bei (0, 120)
2025-08-13 13:05:13,856 - BertrandtGUI - INFO - Hauptmonitor erkannt: 1920x1080 bei (0, 120)
2025-08-13 13:05:13,857 - BertrandtGUI - DEBUG - Responsive Design: 1920x1080, Scale: 1.00
2025-08-13 13:05:13,951 - BertrandtGUI - INFO - Bertrandt Logo erfolgreich geladen
2025-08-13 13:05:13,975 - BertrandtGUI - ERROR - 💥 Unerwarteter Fehler: 'accent_success'
2025-08-13 13:05:13,979 - BertrandtGUI - INFO - 🧹 Cleanup wird durchgeführt...
2025-08-13 13:05:13,980 - BertrandtGUI - INFO - 👋 Dynamic Messe Stand V4 beendet
2025-08-13 13:05:53,865 - BertrandtGUI - DEBUG - Slide 9 geladen
2025-08-13 13:05:53,865 - BertrandtGUI - DEBUG - Slide 8 geladen
2025-08-13 13:05:53,865 - BertrandtGUI - DEBUG - Slide 2 geladen
2025-08-13 13:05:53,865 - BertrandtGUI - DEBUG - Slide 4 geladen
2025-08-13 13:05:53,865 - BertrandtGUI - DEBUG - Slide 5 geladen
2025-08-13 13:05:53,865 - BertrandtGUI - DEBUG - Slide 6 geladen
2025-08-13 13:05:53,865 - BertrandtGUI - DEBUG - Slide 3 geladen
2025-08-13 13:05:53,865 - BertrandtGUI - DEBUG - Slide 7 geladen
2025-08-13 13:05:53,865 - BertrandtGUI - DEBUG - Slide 1 geladen
2025-08-13 13:05:53,865 - BertrandtGUI - DEBUG - Slide 10 geladen
2025-08-13 13:05:53,865 - BertrandtGUI - INFO - 10 Slides geladen
2025-08-13 13:05:53,875 - BertrandtGUI - INFO - 🚀 Dynamic Messe Stand V4 wird gestartet...
2025-08-13 13:05:53,875 - BertrandtGUI - INFO - Python Version: 3.12.3 (main, Jun 18 2025, 17:59:45) [GCC 13.3.0]
2025-08-13 13:05:53,875 - BertrandtGUI - INFO - Arbeitsverzeichnis: /home/messe_pc/Dynamic_Messe_Stand_V3/Dynamic_Messe_Stand_V4/Python_GUI
2025-08-13 13:05:53,875 - BertrandtGUI - INFO - 🔌 Hardware-Setup wird gestartet...
2025-08-13 13:05:53,875 - BertrandtGUI - ERROR - Fehler beim Verbinden mit ESP32-1: [Errno 2] could not open port /dev/ttyUSB0: [Errno 2] No such file or directory: '/dev/ttyUSB0'
2025-08-13 13:05:53,875 - BertrandtGUI - ERROR - Fehler beim Verbinden mit ESP32-2: [Errno 2] could not open port /dev/ttyUSB1: [Errno 2] No such file or directory: '/dev/ttyUSB1'
2025-08-13 13:05:53,875 - BertrandtGUI - ERROR - Fehler beim Verbinden mit ESP32-3: [Errno 2] could not open port /dev/ttyUSB2: [Errno 2] No such file or directory: '/dev/ttyUSB2'
2025-08-13 13:05:53,876 - BertrandtGUI - ERROR - Fehler beim Verbinden mit Arduino GIGA: [Errno 2] could not open port /dev/ttyACM0: [Errno 2] No such file or directory: '/dev/ttyACM0'
2025-08-13 13:05:53,876 - BertrandtGUI - INFO - esp32_1: ❌ Fehler
2025-08-13 13:05:53,876 - BertrandtGUI - INFO - esp32_2: ❌ Fehler
2025-08-13 13:05:53,876 - BertrandtGUI - INFO - esp32_3: ❌ Fehler
2025-08-13 13:05:53,876 - BertrandtGUI - INFO - giga: ❌ Fehler
2025-08-13 13:05:53,876 - BertrandtGUI - WARNING - ⚠️ Keine Hardware-Verbindungen erfolgreich - GUI startet trotzdem
2025-08-13 13:05:53,876 - BertrandtGUI - INFO - 🖥️ GUI wird initialisiert...
2025-08-13 13:05:53,876 - BertrandtGUI - INFO - 🚀 Starte Dynamic Messe Stand V4...
2025-08-13 13:05:54,087 - BertrandtGUI - INFO - Primärer Monitor: 1920x1080 bei (0, 120)
2025-08-13 13:05:54,087 - BertrandtGUI - INFO - Hauptmonitor erkannt: 1920x1080 bei (0, 120)
2025-08-13 13:05:54,103 - BertrandtGUI - DEBUG - Responsive Design: 1920x1080, Scale: 1.00
2025-08-13 13:05:54,173 - BertrandtGUI - INFO - Bertrandt Logo erfolgreich geladen
2025-08-13 13:05:54,243 - BertrandtGUI - DEBUG - Home-Tab angezeigt
2025-08-13 13:05:54,243 - BertrandtGUI - DEBUG - Tab gewechselt: home
2025-08-13 13:05:54,243 - BertrandtGUI - INFO - ✅ Dynamic Messe Stand V4 erfolgreich initialisiert!
2025-08-13 13:05:54,243 - BertrandtGUI - INFO - ✅ Dynamic Messe Stand V4 erfolgreich gestartet!
2025-08-13 13:05:54,243 - BertrandtGUI - INFO - 💡 Drücke F11 für Vollbild, ESC zum Verlassen
2025-08-13 13:05:54,243 - BertrandtGUI - INFO - GUI-Hauptschleife gestartet
2025-08-13 13:05:57,062 - BertrandtGUI - DEBUG - Home-Tab versteckt
2025-08-13 13:05:57,062 - BertrandtGUI - DEBUG - Demo-Tab angezeigt
2025-08-13 13:05:57,062 - BertrandtGUI - DEBUG - Header-Navigation aktualisiert: demo
2025-08-13 13:05:57,062 - BertrandtGUI - DEBUG - Tab gewechselt: demo
2025-08-13 13:05:59,518 - BertrandtGUI - DEBUG - Demo-Tab versteckt
2025-08-13 13:05:59,526 - BertrandtGUI - DEBUG - Creator-Tab angezeigt
2025-08-13 13:05:59,526 - BertrandtGUI - DEBUG - Header-Navigation aktualisiert: creator
2025-08-13 13:05:59,526 - BertrandtGUI - DEBUG - Tab gewechselt: creator
2025-08-13 13:06:02,246 - BertrandtGUI - DEBUG - Creator-Tab versteckt
2025-08-13 13:06:02,246 - BertrandtGUI - DEBUG - Demo-Tab angezeigt
2025-08-13 13:06:02,246 - BertrandtGUI - DEBUG - Header-Navigation aktualisiert: demo
2025-08-13 13:06:02,246 - BertrandtGUI - DEBUG - Tab gewechselt: demo
2025-08-13 13:06:03,142 - BertrandtGUI - DEBUG - Demo-Tab versteckt
2025-08-13 13:06:03,148 - BertrandtGUI - DEBUG - Creator-Tab angezeigt
2025-08-13 13:06:03,148 - BertrandtGUI - DEBUG - Header-Navigation aktualisiert: creator
2025-08-13 13:06:03,148 - BertrandtGUI - DEBUG - Tab gewechselt: creator
2025-08-13 13:09:09,934 - BertrandtGUI - DEBUG - Vollbild deaktiviert - bleibt auf Hauptmonitor
2025-08-13 13:09:12,699 - BertrandtGUI - INFO - 🧹 Cleanup wird durchgeführt...
2025-08-13 13:09:12,700 - BertrandtGUI - INFO - 👋 Dynamic Messe Stand V4 beendet
2025-08-13 13:19:12,839 - BertrandtGUI - DEBUG - Slide 9 geladen
2025-08-13 13:19:12,840 - BertrandtGUI - DEBUG - Slide 8 geladen
2025-08-13 13:19:12,840 - BertrandtGUI - DEBUG - Slide 2 geladen
2025-08-13 13:19:12,840 - BertrandtGUI - DEBUG - Slide 4 geladen
2025-08-13 13:19:12,840 - BertrandtGUI - DEBUG - Slide 5 geladen
2025-08-13 13:19:12,840 - BertrandtGUI - DEBUG - Slide 6 geladen
2025-08-13 13:19:12,840 - BertrandtGUI - DEBUG - Slide 3 geladen
2025-08-13 13:19:12,840 - BertrandtGUI - DEBUG - Slide 7 geladen
2025-08-13 13:19:12,840 - BertrandtGUI - DEBUG - Slide 1 geladen
2025-08-13 13:19:12,840 - BertrandtGUI - DEBUG - Slide 10 geladen
2025-08-13 13:19:12,840 - BertrandtGUI - INFO - 10 Slides geladen
2025-08-13 13:19:12,862 - BertrandtGUI - INFO - 🚀 Dynamic Messe Stand V4 wird gestartet...
2025-08-13 13:19:12,862 - BertrandtGUI - INFO - Python Version: 3.12.3 (main, Jun 18 2025, 17:59:45) [GCC 13.3.0]
2025-08-13 13:19:12,862 - BertrandtGUI - INFO - Arbeitsverzeichnis: /home/messe_pc/Dynamic_Messe_Stand_V4/Python_GUI
2025-08-13 13:19:12,862 - BertrandtGUI - INFO - 🔧 Hardware-Setup übersprungen (--no-hardware)
2025-08-13 13:19:12,862 - BertrandtGUI - INFO - 🖥️ GUI wird initialisiert...
2025-08-13 13:19:12,862 - BertrandtGUI - INFO - 🚀 Starte Dynamic Messe Stand V4...
2025-08-13 13:19:13,057 - BertrandtGUI - INFO - Primärer Monitor: 1920x1080 bei (0, 120)
2025-08-13 13:19:13,057 - BertrandtGUI - INFO - Hauptmonitor erkannt: 1920x1080 bei (0, 120)
2025-08-13 13:19:13,057 - BertrandtGUI - DEBUG - Responsive Design: 1920x1080, Scale: 1.00
2025-08-13 13:19:13,131 - BertrandtGUI - INFO - Bertrandt Logo erfolgreich geladen
2025-08-13 13:19:13,132 - BertrandtGUI - ERROR - 💥 Unerwarteter Fehler: unknown font style "600"
2025-08-13 13:19:13,144 - BertrandtGUI - INFO - 🧹 Cleanup wird durchgeführt...
2025-08-13 13:19:13,144 - BertrandtGUI - INFO - 👋 Dynamic Messe Stand V4 beendet
2025-08-13 13:20:02,613 - BertrandtGUI - DEBUG - Slide 9 geladen
2025-08-13 13:20:02,614 - BertrandtGUI - DEBUG - Slide 8 geladen
2025-08-13 13:20:02,614 - BertrandtGUI - DEBUG - Slide 2 geladen
2025-08-13 13:20:02,614 - BertrandtGUI - DEBUG - Slide 4 geladen
2025-08-13 13:20:02,614 - BertrandtGUI - DEBUG - Slide 5 geladen
2025-08-13 13:20:02,614 - BertrandtGUI - DEBUG - Slide 6 geladen
2025-08-13 13:20:02,614 - BertrandtGUI - DEBUG - Slide 3 geladen
2025-08-13 13:20:02,614 - BertrandtGUI - DEBUG - Slide 7 geladen
2025-08-13 13:20:02,614 - BertrandtGUI - DEBUG - Slide 1 geladen
2025-08-13 13:20:02,615 - BertrandtGUI - DEBUG - Slide 10 geladen
2025-08-13 13:20:02,615 - BertrandtGUI - INFO - 10 Slides geladen
2025-08-13 13:20:02,632 - BertrandtGUI - INFO - 🚀 Dynamic Messe Stand V4 wird gestartet...
2025-08-13 13:20:02,634 - BertrandtGUI - INFO - Python Version: 3.12.3 (main, Jun 18 2025, 17:59:45) [GCC 13.3.0]
2025-08-13 13:20:02,636 - BertrandtGUI - INFO - Arbeitsverzeichnis: /home/messe_pc/Dynamic_Messe_Stand_V4/Python_GUI
2025-08-13 13:20:02,637 - BertrandtGUI - INFO - 🔌 Hardware-Setup wird gestartet...
2025-08-13 13:20:02,640 - BertrandtGUI - ERROR - Fehler beim Verbinden mit ESP32-1: [Errno 2] could not open port /dev/ttyUSB0: [Errno 2] No such file or directory: '/dev/ttyUSB0'
2025-08-13 13:20:02,642 - BertrandtGUI - ERROR - Fehler beim Verbinden mit ESP32-2: [Errno 2] could not open port /dev/ttyUSB1: [Errno 2] No such file or directory: '/dev/ttyUSB1'
2025-08-13 13:20:02,644 - BertrandtGUI - ERROR - Fehler beim Verbinden mit ESP32-3: [Errno 2] could not open port /dev/ttyUSB2: [Errno 2] No such file or directory: '/dev/ttyUSB2'
2025-08-13 13:20:02,646 - BertrandtGUI - ERROR - Fehler beim Verbinden mit Arduino GIGA: [Errno 2] could not open port /dev/ttyACM0: [Errno 2] No such file or directory: '/dev/ttyACM0'
2025-08-13 13:20:02,647 - BertrandtGUI - INFO - esp32_1: ❌ Fehler
2025-08-13 13:20:02,649 - BertrandtGUI - INFO - esp32_2: ❌ Fehler
2025-08-13 13:20:02,652 - BertrandtGUI - INFO - esp32_3: ❌ Fehler
2025-08-13 13:20:02,654 - BertrandtGUI - INFO - giga: ❌ Fehler
2025-08-13 13:20:02,657 - BertrandtGUI - WARNING - ⚠️ Keine Hardware-Verbindungen erfolgreich - GUI startet trotzdem
2025-08-13 13:20:02,659 - BertrandtGUI - INFO - 🖥️ GUI wird initialisiert...
2025-08-13 13:20:02,662 - BertrandtGUI - INFO - 🚀 Starte Dynamic Messe Stand V4...
2025-08-13 13:20:02,870 - BertrandtGUI - INFO - Primärer Monitor: 1920x1080 bei (0, 120)
2025-08-13 13:20:02,873 - BertrandtGUI - INFO - Hauptmonitor erkannt: 1920x1080 bei (0, 120)
2025-08-13 13:20:02,876 - BertrandtGUI - DEBUG - Responsive Design: 1920x1080, Scale: 1.00
2025-08-13 13:20:02,936 - BertrandtGUI - INFO - Bertrandt Logo erfolgreich geladen
2025-08-13 13:20:02,981 - BertrandtGUI - ERROR - 💥 Unerwarteter Fehler: unknown font style "600"
2025-08-13 13:20:03,021 - BertrandtGUI - INFO - 🧹 Cleanup wird durchgeführt...
2025-08-13 13:20:03,024 - BertrandtGUI - INFO - 👋 Dynamic Messe Stand V4 beendet
2025-08-13 13:20:07,766 - BertrandtGUI - DEBUG - Vollbild deaktiviert - bleibt auf Hauptmonitor
